tinker_cookbook.utils.ml_log:475 [[92mINFO[0m] Logging to: tmp/tinker-runs/bash_codeforces
tinker_cookbook.checkpoint_utils:22 [[92mINFO[0m] Reading checkpoints from tmp/tinker-runs/bash_codeforces/checkpoints.jsonl
tinker_cookbook.checkpoint_utils:48 [[92mINFO[0m] No checkpoints found with key state_path in tmp/tinker-runs/bash_codeforces/
tinker.lib.public_interfaces.service_client:66 [[92mINFO[0m] ServiceClient initialized for session 471386d6-c9d6-5b9f-8cb0-3506c60e624c
tinker.lib.public_interfaces.service_client:144 [[92mINFO[0m] Creating TrainingClient for model_id='471386d6-c9d6-5b9f-8cb0-3506c60e624c:train:0'
len(dataset)=245
len(self.env_group_builders_P)=15680
tinker_cookbook.rl.train:1006 [[92mINFO[0m] Will train on 2197 batches
tinker_cookbook.utils.misc_utils:20 [[92mINFO[0m] Starting save_checkpoint
tinker_cookbook.checkpoint_utils:75 [[92mINFO[0m] Saved checkpoints: {'sampler_path': 'tinker://471386d6-c9d6-5b9f-8cb0-3506c60e624c:train:0/sampler_weights/000000'}
tinker_cookbook.utils.misc_utils:23 [[92mINFO[0m] save_checkpoint took 11.90 seconds
tinker_cookbook.utils.misc_utils:20 [[92mINFO[0m] Starting sample

---------------------------------------------------------
bash_codeforces (128 samples): tinker-sampling/openai/gpt-oss-20b
max_retries: 0, max_connections: 999999, max_sandboxes: 999999, min_test_output_length: 16, max_tests:
1, reset_public_test_file: False, impossible: True, dataset: (samples)
---------------------------------------------------------

Steps:   1/128   0% | Samples:   1/128 | accuracy:  n/a | subprocesses: 10/10, docker: 127/999999, tinker-sampling: 40/999999 | HTTP retries: 0
Steps:   3/128   2% | Samples:   3/128 | accuracy: 0.00 | subprocesses: 10/10, docker: 125/999999, tinker-sampling: 10/999999 | HTTP retries: 0
Steps:   8/128   6% | Samples:   8/128 | accuracy: 0.00 | subprocesses: 10/10, docker: 120/999999, tinker-sampling:  6/999999 | HTTP retries: 0
Steps:  12/128   9% | Samples:  12/128 | accuracy: 0.00 | subprocesses: 10/10, docker: 116/999999, tinker-sampling:  6/999999 | HTTP retries: 0
Steps:  15/128  11% | Samples:  15/128 | accuracy: 0.00 | subprocesses: 10/10, docker: 113/999999, tinker-sampling:  2/999999 | HTTP retries: 0
Steps:  17/128  13% | Samples:  17/128 | accuracy: 0.00 | subprocesses: 10/10, docker: 111/999999, tinker-sampling:  3/999999 | HTTP retries: 0
Steps:  25/128  19% | Samples:  25/128 | accuracy: 0.00 | subprocesses: 10/10, docker: 103/999999, tinker-sampling:  4/999999 | HTTP retries: 0
Steps:  33/128  25% | Samples:  33/128 | accuracy: 0.00 | subprocesses:  5/10, docker: 95/999999, tinker-sampling:  8/999999 | HTTP retries: 0
Steps:  35/128  27% | Samples:  35/128 | accuracy: 0.00 | subprocesses: 10/10, docker: 93/999999, tinker-sampling:  2/999999 | HTTP retries: 0
Steps:  45/128  35% | Samples:  45/128 | accuracy: 0.00 | subprocesses: 10/10, docker: 83/999999, tinker-sampling:  1/999999 | HTTP retries: 0
Steps:  48/128  37% | Samples:  48/128 | accuracy: 0.00 | subprocesses: 10/10, docker: 80/999999, tinker-sampling:  1/999999 | HTTP retries: 0
Steps:  60/128  46% | Samples:  60/128 | accuracy: 0.00 | subprocesses: 10/10, docker: 68/999999, tinker-sampling:  1/999999 | HTTP retries: 0
Steps:  63/128  49% | Samples:  63/128 | accuracy: 0.00 | subprocesses: 10/10, docker: 65/999999, tinker-sampling:  3/999999 | HTTP retries: 0
Steps:  68/128  53% | Samples:  68/128 | accuracy: 0.00 | subprocesses: 10/10, docker: 60/999999, tinker-sampling:  4/999999 | HTTP retries: 0
Steps:  69/128  53% | Samples:  69/128 | accuracy: 0.01 | subprocesses: 10/10, docker: 59/999999, tinker-sampling:  3/999999 | HTTP retries: 0
Steps:  77/128  60% | Samples:  77/128 | accuracy: 0.01 | subprocesses: 10/10, docker: 51/999999, tinker-sampling:  2/999999 | HTTP retries: 0
Steps:  79/128  61% | Samples:  79/128 | accuracy: 0.03 | subprocesses: 10/10, docker: 49/999999, tinker-sampling:  4/999999 | HTTP retries: 0
Steps:  82/128  64% | Samples:  82/128 | accuracy: 0.02 | subprocesses: 10/10, docker: 46/999999, tinker-sampling:  2/999999 | HTTP retries: 0
Steps:  84/128  65% | Samples:  84/128 | accuracy: 0.02 | subprocesses:  0/10, docker:  0/999999, tinker-sampling:  0/999999 | HTTP retries: 0

---------------------------------------------------------
bash_codeforces (128 samples): tinker-sampling/openai/gpt-oss-20b
max_retries: 0, max_connections: 999999, max_sandboxes: 999999, min_test_output_length: 16, max_tests:
1, reset_public_test_file: False, impossible: True, dataset: (samples)

total time:                                                 0:06:39
Task interrupted (84 of 128 total samples logged before interruption). Resume task with:

inspect eval-retry logs/2025-12-05T15-05-09+00-00_bash-codeforces_LH4D49nvVzRyfAwKQWU7VV.eval
Log: logs/2025-12-05T15-05-09+00-00_bash-codeforces_LH4D49nvVzRyfAwKQWU7VV.eval
---------------------------------------------------------

â•­â”€â”€â”€â”€â”€â”€â”€â”€â”€â”€â”€â”€â”€â”€â”€â”€â”€â”€â”€â”€â”€â”€â”€â”€â”€â”€â”€â”€â”€â”€â”€â”€â”€â”€â”€â”€â”€â”€â”€â”€â”€â”€â”€â”€â”€â”€â”€â”€â”€â”€â”€â”€â”€â”€â”€â”€â”€â”€â”€â”€â”€â”€â”€â”€â”€â”€â”€â”€â”€â”€â”€â”€â”€â”€â”€â”€â”€â”€â”€â”€â”€â”€â”€â”€â”€â”€â”€â”€â”€â”€â”€â”€â”€â”€â”€â”€â”€â”€â”€â”€â”€â”€â•®
â”‚ Cleaning up Docker environments (please do not interrupt this operation!):                           â”‚
â•°â”€â”€â”€â”€â”€â”€â”€â”€â”€â”€â”€â”€â”€â”€â”€â”€â”€â”€â”€â”€â”€â”€â”€â”€â”€â”€â”€â”€â”€â”€â”€â”€â”€â”€â”€â”€â”€â”€â”€â”€â”€â”€â”€â”€â”€â”€â”€â”€â”€â”€â”€â”€â”€â”€â”€â”€â”€â”€â”€â”€â”€â”€â”€â”€â”€â”€â”€â”€â”€â”€â”€â”€â”€â”€â”€â”€â”€â”€â”€â”€â”€â”€â”€â”€â”€â”€â”€â”€â”€â”€â”€â”€â”€â”€â”€â”€â”€â”€â”€â”€â”€â”€â•¯
asyncio:1879 [[91mERROR[0m] unhandled exception during asyncio.run() shutdown
task: <Task finished name='Task-195' coro=<InspectRLDataset.get_batch.<locals>.run_eval() done, defined at /Users/user/reward-hacking/tinker-cookbook-reward-hacking/tinker_cookbook/rl/envs/inspect.py:330> exception=ValueError('zip() argument 2 is shorter than argument 1')>
Traceback (most recent call last):
  File "/Users/user/.local/share/uv/python/cpython-3.13.7-macos-aarch64-none/lib/python3.13/asyncio/runners.py", line 118, in run
    return self._loop.run_until_complete(task)
           ~~~~~~~~~~~~~~~~~~~~~~~~~~~~~^^^^^^
  File "/Users/user/.local/share/uv/python/cpython-3.13.7-macos-aarch64-none/lib/python3.13/asyncio/base_events.py", line 725, in run_until_complete
    return future.result()
           ~~~~~~~~~~~~~^^
  File "/Users/user/reward-hacking/tinker-cookbook-reward-hacking/tinker_cookbook/rl/envs/inspect/bash_codeforces.py", line 404, in main
    await train.main(config)
  File "/Users/user/reward-hacking/tinker-cookbook-reward-hacking/tinker_cookbook/utils/trace.py", line 332, in async_wrapper
    return await func(*args, **kwargs)
           ^^^^^^^^^^^^^^^^^^^^^^^^^^^
  File "/Users/user/reward-hacking/tinker-cookbook-reward-hacking/tinker_cookbook/rl/train.py", line 1015, in main
    await training_func(
    ...<10 lines>...
    )
  File "/Users/user/reward-hacking/tinker-cookbook-reward-hacking/tinker_cookbook/utils/trace.py", line 332, in async_wrapper
    return await func(*args, **kwargs)
           ^^^^^^^^^^^^^^^^^^^^^^^^^^^
  File "/Users/user/reward-hacking/tinker-cookbook-reward-hacking/tinker_cookbook/rl/train.py", line 914, in do_sync_training
    trajectory_groups_P = await asyncio.gather(
                          ^^^^^^^^^^^^^^^^^^^^^
    ...<12 lines>...
    )
    ^
  File "/Users/user/reward-hacking/tinker-cookbook-reward-hacking/tinker_cookbook/utils/trace.py", line 332, in async_wrapper
    return await func(*args, **kwargs)
           ^^^^^^^^^^^^^^^^^^^^^^^^^^^
  File "/Users/user/reward-hacking/tinker-cookbook-reward-hacking/tinker_cookbook/rl/train.py", line 595, in do_group_rollout_and_filter_constant_reward
    trajectory_group = await do_group_rollout(env_group_builder, policy)
                       ^^^^^^^^^^^^^^^^^^^^^^^^^^^^^^^^^^^^^^^^^^^^^^^^^
  File "/Users/user/reward-hacking/tinker-cookbook-reward-hacking/tinker_cookbook/utils/logtree.py", line 537, in aw
    return await fn(*args, **kwargs)
           ^^^^^^^^^^^^^^^^^^^^^^^^^
  File "/Users/user/reward-hacking/tinker-cookbook-reward-hacking/tinker_cookbook/rl/rollouts.py", line 42, in do_group_rollout
    trajectories_G = await asyncio.gather(*[do_single_rollout(policy, env) for env in envs_G])
                     ^^^^^^^^^^^^^^^^^^^^^^^^^^^^^^^^^^^^^^^^^^^^^^^^^^^^^^^^^^^^^^^^^^^^^^^^^
  File "/Users/user/reward-hacking/tinker-cookbook-reward-hacking/tinker_cookbook/utils/logtree.py", line 537, in aw
    return await fn(*args, **kwargs)
           ^^^^^^^^^^^^^^^^^^^^^^^^^
  File "/Users/user/reward-hacking/tinker-cookbook-reward-hacking/tinker_cookbook/rl/rollouts.py", line 21, in do_single_rollout
    step_result = await env.step(ac_with_logprobs.tokens)
                  ^^^^^^^^^^^^^^^^^^^^^^^^^^^^^^^^^^^^^^^
  File "/Users/user/reward-hacking/tinker-cookbook-reward-hacking/tinker_cookbook/rl/envs/inspect.py", line 251, in step
    await self.inspect_llm_wrapper.next_prompt_or_final_step_result(
        sample_id=self.sample_id
    )
  File "/Users/user/reward-hacking/tinker-cookbook-reward-hacking/tinker_cookbook/rl/envs/inspect.py", line 136, in next_prompt_or_final_step_result
    return await self.prompt_or_final_step_result_queues[sample_id].get()
           ^^^^^^^^^^^^^^^^^^^^^^^^^^^^^^^^^^^^^^^^^^^^^^^^^^^^^^^^^^^^^^
  File "/Users/user/.local/share/uv/python/cpython-3.13.7-macos-aarch64-none/lib/python3.13/asyncio/queues.py", line 186, in get
    await getter
asyncio.exceptions.CancelledError

During handling of the above exception, another exception occurred:

Traceback (most recent call last):
  File "/Users/user/.local/share/uv/python/cpython-3.13.7-macos-aarch64-none/lib/python3.13/asyncio/runners.py", line 195, in run
    return runner.run(main)
           ~~~~~~~~~~^^^^^^
  File "/Users/user/.local/share/uv/python/cpython-3.13.7-macos-aarch64-none/lib/python3.13/asyncio/runners.py", line 123, in run
    raise KeyboardInterrupt()
KeyboardInterrupt

During handling of the above exception, another exception occurred:

Traceback (most recent call last):
  File "/Users/user/reward-hacking/tinker-cookbook-reward-hacking/tinker_cookbook/rl/envs/inspect.py", line 350, in run_eval
    for sample_id, reward, metric in zip(sample_ids, rewards, metrics, strict=True):
                                     ~~~^^^^^^^^^^^^^^^^^^^^^^^^^^^^^^^^^^^^^^^^^^^
ValueError: zip() argument 2 is shorter than argument 1
[12/05/25 15:12:31] ERROR    unhandled exception during asyncio.run() shutdown       base_events.py:1879
                             task: <Task finished name='Task-195'
                             coro=<InspectRLDataset.get_batch.<locals>.run_eval()
                             done, defined at
                             /Users/user/reward-hacking/tinker-cookbook-reward-hacki
                             ng/tinker_cookbook/rl/envs/inspect.py:330>
                             exception=ValueError('zip() argument 2 is shorter than
                             argument 1')>
                             Traceback (most recent call last):
                               File
                             "/Users/user/.local/share/uv/python/cpython-3.13.7-maco
                             s-aarch64-none/lib/python3.13/asyncio/runners.py", line
                             118, in run
                                 return self._loop.run_until_complete(task)
                                        ~~~~~~~~~~~~~~~~~~~~~~~~~~~~~^^^^^^
                               File
                             "/Users/user/.local/share/uv/python/cpython-3.13.7-maco
                             s-aarch64-none/lib/python3.13/asyncio/base_events.py",
                             line 725, in run_until_complete
                                 return future.result()
                                        ~~~~~~~~~~~~~^^
                               File
                             "/Users/user/reward-hacking/tinker-cookbook-reward-hack
                             ing/tinker_cookbook/rl/envs/inspect/bash_codeforces.py"
                             , line 404, in main
                                 await train.main(config)
                               File
                             "/Users/user/reward-hacking/tinker-cookbook-reward-hack
                             ing/tinker_cookbook/utils/trace.py", line 332, in
                             async_wrapper
                                 return await func(*args, **kwargs)
                                        ^^^^^^^^^^^^^^^^^^^^^^^^^^^
                               File
                             "/Users/user/reward-hacking/tinker-cookbook-reward-hack
                             ing/tinker_cookbook/rl/train.py", line 1015, in main
                                 await training_func(
                                 ...<10 lines>...
                                 )
                               File
                             "/Users/user/reward-hacking/tinker-cookbook-reward-hack
                             ing/tinker_cookbook/utils/trace.py", line 332, in
                             async_wrapper
                                 return await func(*args, **kwargs)
                                        ^^^^^^^^^^^^^^^^^^^^^^^^^^^
                               File
                             "/Users/user/reward-hacking/tinker-cookbook-reward-hack
                             ing/tinker_cookbook/rl/train.py", line 914, in
                             do_sync_training
                                 trajectory_groups_P = await asyncio.gather(
                                                       ^^^^^^^^^^^^^^^^^^^^^
                                 ...<12 lines>...
                                 )
                                 ^
                               File
                             "/Users/user/reward-hacking/tinker-cookbook-reward-hack
                             ing/tinker_cookbook/utils/trace.py", line 332, in
                             async_wrapper
                                 return await func(*args, **kwargs)
                                        ^^^^^^^^^^^^^^^^^^^^^^^^^^^
                               File
                             "/Users/user/reward-hacking/tinker-cookbook-reward-hack
                             ing/tinker_cookbook/rl/train.py", line 595, in
                             do_group_rollout_and_filter_constant_reward
                                 trajectory_group = await
                             do_group_rollout(env_group_builder, policy)
                                                    ^^^^^^^^^^^^^^^^^^^^^^^^^^^^^^^^
                             ^^^^^^^^^^^^^^^^^
                               File
                             "/Users/user/reward-hacking/tinker-cookbook-reward-hack
                             ing/tinker_cookbook/utils/logtree.py", line 537, in aw
                                 return await fn(*args, **kwargs)
                                        ^^^^^^^^^^^^^^^^^^^^^^^^^
                               File
                             "/Users/user/reward-hacking/tinker-cookbook-reward-hack
                             ing/tinker_cookbook/rl/rollouts.py", line 42, in
                             do_group_rollout
                                 trajectories_G = await
                             asyncio.gather(*[do_single_rollout(policy, env) for env
                             in envs_G])
                                                  ^^^^^^^^^^^^^^^^^^^^^^^^^^^^^^^^^^
                             ^^^^^^^^^^^^^^^^^^^^^^^^^^^^^^^^^^^^^^^
                               File
                             "/Users/user/reward-hacking/tinker-cookbook-reward-hack
                             ing/tinker_cookbook/utils/logtree.py", line 537, in aw
                                 return await fn(*args, **kwargs)
                                        ^^^^^^^^^^^^^^^^^^^^^^^^^
                               File
                             "/Users/user/reward-hacking/tinker-cookbook-reward-hack
                             ing/tinker_cookbook/rl/rollouts.py", line 21, in
                             do_single_rollout
                                 step_result = await
                             env.step(ac_with_logprobs.tokens)
                                               ^^^^^^^^^^^^^^^^^^^^^^^^^^^^^^^^^^^^^
                             ^^
                               File
                             "/Users/user/reward-hacking/tinker-cookbook-reward-hack
                             ing/tinker_cookbook/rl/envs/inspect.py", line 251, in
                             step
                                 await
                             self.inspect_llm_wrapper.next_prompt_or_final_step_resu
                             lt(
                                     sample_id=self.sample_id
                                 )
                               File
                             "/Users/user/reward-hacking/tinker-cookbook-reward-hack
                             ing/tinker_cookbook/rl/envs/inspect.py", line 136, in
                             next_prompt_or_final_step_result
                                 return await
                             self.prompt_or_final_step_result_queues[sample_id].get(
                             )
                                        ^^^^^^^^^^^^^^^^^^^^^^^^^^^^^^^^^^^^^^^^^^^^
                             ^^^^^^^^^^^^^^^^^^
                               File
                             "/Users/user/.local/share/uv/python/cpython-3.13.7-maco
                             s-aarch64-none/lib/python3.13/asyncio/queues.py", line
                             186, in get
                                 await getter
                             asyncio.exceptions.CancelledError

                             During handling of the above exception, another
                             exception occurred:

                             Traceback (most recent call last):
                               File
                             "/Users/user/.local/share/uv/python/cpython-3.13.7-maco
                             s-aarch64-none/lib/python3.13/asyncio/runners.py", line
                             195, in run
                                 return runner.run(main)
                                        ~~~~~~~~~~^^^^^^
                               File
                             "/Users/user/.local/share/uv/python/cpython-3.13.7-maco
                             s-aarch64-none/lib/python3.13/asyncio/runners.py", line
                             123, in run
                                 raise KeyboardInterrupt()
                             KeyboardInterrupt

                             During handling of the above exception, another
                             exception occurred:

                             Traceback (most recent call last):
                               File
                             "/Users/user/reward-hacking/tinker-cookbook-reward-hack
                             ing/tinker_cookbook/rl/envs/inspect.py", line 350, in
                             run_eval
                                 for sample_id, reward, metric in zip(sample_ids,
                             rewards, metrics, strict=True):
                                                                  ~~~^^^^^^^^^^^^^^^
                             ^^^^^^^^^^^^^^^^^^^^^^^^^^^^
                             ValueError: zip() argument 2 is shorter than argument 1
Traceback (most recent call last):
  File "/Users/user/.local/share/uv/python/cpython-3.13.7-macos-aarch64-none/lib/python3.13/asyncio/runners.py", line 118, in run
    return self._loop.run_until_complete(task)
           ~~~~~~~~~~~~~~~~~~~~~~~~~~~~~^^^^^^
  File "/Users/user/.local/share/uv/python/cpython-3.13.7-macos-aarch64-none/lib/python3.13/asyncio/base_events.py", line 725, in run_until_complete
    return future.result()
           ~~~~~~~~~~~~~^^
  File "/Users/user/reward-hacking/tinker-cookbook-reward-hacking/tinker_cookbook/rl/envs/inspect/bash_codeforces.py", line 404, in main
    await train.main(config)
  File "/Users/user/reward-hacking/tinker-cookbook-reward-hacking/tinker_cookbook/utils/trace.py", line 332, in async_wrapper
    return await func(*args, **kwargs)
           ^^^^^^^^^^^^^^^^^^^^^^^^^^^
  File "/Users/user/reward-hacking/tinker-cookbook-reward-hacking/tinker_cookbook/rl/train.py", line 1015, in main
    await training_func(
    ...<10 lines>...
    )
  File "/Users/user/reward-hacking/tinker-cookbook-reward-hacking/tinker_cookbook/utils/trace.py", line 332, in async_wrapper
    return await func(*args, **kwargs)
           ^^^^^^^^^^^^^^^^^^^^^^^^^^^
  File "/Users/user/reward-hacking/tinker-cookbook-reward-hacking/tinker_cookbook/rl/train.py", line 914, in do_sync_training
    trajectory_groups_P = await asyncio.gather(
                          ^^^^^^^^^^^^^^^^^^^^^
    ...<12 lines>...
    )
    ^
  File "/Users/user/reward-hacking/tinker-cookbook-reward-hacking/tinker_cookbook/utils/trace.py", line 332, in async_wrapper
    return await func(*args, **kwargs)
           ^^^^^^^^^^^^^^^^^^^^^^^^^^^
  File "/Users/user/reward-hacking/tinker-cookbook-reward-hacking/tinker_cookbook/rl/train.py", line 595, in do_group_rollout_and_filter_constant_reward
    trajectory_group = await do_group_rollout(env_group_builder, policy)
                       ^^^^^^^^^^^^^^^^^^^^^^^^^^^^^^^^^^^^^^^^^^^^^^^^^
  File "/Users/user/reward-hacking/tinker-cookbook-reward-hacking/tinker_cookbook/utils/logtree.py", line 537, in aw
    return await fn(*args, **kwargs)
           ^^^^^^^^^^^^^^^^^^^^^^^^^
  File "/Users/user/reward-hacking/tinker-cookbook-reward-hacking/tinker_cookbook/rl/rollouts.py", line 42, in do_group_rollout
    trajectories_G = await asyncio.gather(*[do_single_rollout(policy, env) for env in envs_G])
                     ^^^^^^^^^^^^^^^^^^^^^^^^^^^^^^^^^^^^^^^^^^^^^^^^^^^^^^^^^^^^^^^^^^^^^^^^^
  File "/Users/user/reward-hacking/tinker-cookbook-reward-hacking/tinker_cookbook/utils/logtree.py", line 537, in aw
    return await fn(*args, **kwargs)
           ^^^^^^^^^^^^^^^^^^^^^^^^^
  File "/Users/user/reward-hacking/tinker-cookbook-reward-hacking/tinker_cookbook/rl/rollouts.py", line 21, in do_single_rollout
    step_result = await env.step(ac_with_logprobs.tokens)
                  ^^^^^^^^^^^^^^^^^^^^^^^^^^^^^^^^^^^^^^^
  File "/Users/user/reward-hacking/tinker-cookbook-reward-hacking/tinker_cookbook/rl/envs/inspect.py", line 251, in step
    await self.inspect_llm_wrapper.next_prompt_or_final_step_result(
        sample_id=self.sample_id
    )
  File "/Users/user/reward-hacking/tinker-cookbook-reward-hacking/tinker_cookbook/rl/envs/inspect.py", line 136, in next_prompt_or_final_step_result
    return await self.prompt_or_final_step_result_queues[sample_id].get()
           ^^^^^^^^^^^^^^^^^^^^^^^^^^^^^^^^^^^^^^^^^^^^^^^^^^^^^^^^^^^^^^
  File "/Users/user/.local/share/uv/python/cpython-3.13.7-macos-aarch64-none/lib/python3.13/asyncio/queues.py", line 186, in get
    await getter
asyncio.exceptions.CancelledError

During handling of the above exception, another exception occurred:

Traceback (most recent call last):
  File "/Users/user/reward-hacking/tinker-cookbook-reward-hacking/tinker_cookbook/rl/envs/inspect/bash_codeforces.py", line 408, in <module>
    asyncio.run(main())
    ~~~~~~~~~~~^^^^^^^^
  File "/Users/user/.local/share/uv/python/cpython-3.13.7-macos-aarch64-none/lib/python3.13/asyncio/runners.py", line 195, in run
    return runner.run(main)
           ~~~~~~~~~~^^^^^^
  File "/Users/user/.local/share/uv/python/cpython-3.13.7-macos-aarch64-none/lib/python3.13/asyncio/runners.py", line 123, in run
    raise KeyboardInterrupt()
KeyboardInterrupt
