tinker_cookbook.utils.ml_log:475 [[92mINFO[0m] Logging to: tmp/tinker-runs/bash_codeforces
tinker_cookbook.checkpoint_utils:22 [[92mINFO[0m] Reading checkpoints from tmp/tinker-runs/bash_codeforces/checkpoints.jsonl
tinker_cookbook.checkpoint_utils:48 [[92mINFO[0m] No checkpoints found with key state_path in tmp/tinker-runs/bash_codeforces/
tinker.lib.public_interfaces.service_client:66 [[92mINFO[0m] ServiceClient initialized for session aa83dc41-03ea-5123-ba96-faaf826bc44b
tinker.lib.public_interfaces.service_client:144 [[92mINFO[0m] Creating TrainingClient for model_id='aa83dc41-03ea-5123-ba96-faaf826bc44b:train:0'
len(dataset)=245
len(self.env_group_builders_P)=31360
tinker_cookbook.rl.train:1006 [[92mINFO[0m] Will train on 2197 batches
tinker_cookbook.utils.misc_utils:20 [[92mINFO[0m] Starting save_checkpoint
tinker_cookbook.checkpoint_utils:75 [[92mINFO[0m] Saved checkpoints: {'sampler_path': 'tinker://aa83dc41-03ea-5123-ba96-faaf826bc44b:train:0/sampler_weights/000000'}
tinker_cookbook.utils.misc_utils:23 [[92mINFO[0m] save_checkpoint took 10.82 seconds
tinker_cookbook.utils.misc_utils:20 [[92mINFO[0m] Starting sample

---------------------------------------------------------
bash_codeforces (1,024 samples): tinker-sampling/openai/gpt-oss-20b
max_retries: 0, max_connections: 999999, max_sandboxes: 999999, min_test_output_length: 16, max_tests:
1, reset_public_test_file: False, impossible: True, dataset: (samples)
---------------------------------------------------------


---------------------------------------------------------
bash_codeforces (1,024 samples): tinker-sampling/openai/gpt-oss-20b
max_retries: 0, max_connections: 999999, max_sandboxes: 999999, min_test_output_length: 16, max_tests:
1, reset_public_test_file: False, impossible: True, dataset: (samples)

total time:                                                 0:01:12
Task interrupted (no samples completed before interruption)
Log: logs/2025-12-05T14-51-05+00-00_bash-codeforces_mkEGC8nBXC6TpKYrWAXhff.eval
---------------------------------------------------------

â•­â”€â”€â”€â”€â”€â”€â”€â”€â”€â”€â”€â”€â”€â”€â”€â”€â”€â”€â”€â”€â”€â”€â”€â”€â”€â”€â”€â”€â”€â”€â”€â”€â”€â”€â”€â”€â”€â”€â”€â”€â”€â”€â”€â”€â”€â”€â”€â”€â”€â”€â”€â”€â”€â”€â”€â”€â”€â”€â”€â”€â”€â”€â”€â”€â”€â”€â”€â”€â”€â”€â”€â”€â”€â”€â”€â”€â”€â”€â”€â”€â”€â”€â”€â”€â”€â”€â”€â”€â”€â”€â”€â”€â”€â”€â”€â”€â”€â”€â”€â”€â”€â”€â•®
â”‚ Cleaning up Docker environments (please do not interrupt this operation!):                           â”‚
â•°â”€â”€â”€â”€â”€â”€â”€â”€â”€â”€â”€â”€â”€â”€â”€â”€â”€â”€â”€â”€â”€â”€â”€â”€â”€â”€â”€â”€â”€â”€â”€â”€â”€â”€â”€â”€â”€â”€â”€â”€â”€â”€â”€â”€â”€â”€â”€â”€â”€â”€â”€â”€â”€â”€â”€â”€â”€â”€â”€â”€â”€â”€â”€â”€â”€â”€â”€â”€â”€â”€â”€â”€â”€â”€â”€â”€â”€â”€â”€â”€â”€â”€â”€â”€â”€â”€â”€â”€â”€â”€â”€â”€â”€â”€â”€â”€â”€â”€â”€â”€â”€â”€â•¯
asyncio:1879 [[91mERROR[0m] unhandled exception during asyncio.run() shutdown
task: <Task finished name='Task-1090' coro=<InspectRLDataset.get_batch.<locals>.run_eval() done, defined at /Users/user/reward-hacking/tinker-cookbook-reward-hacking/tinker_cookbook/rl/envs/inspect.py:330> exception=ValueError('zip() argument 2 is shorter than argument 1')>
Traceback (most recent call last):
  File "/Users/user/.local/share/uv/python/cpython-3.13.7-macos-aarch64-none/lib/python3.13/asyncio/runners.py", line 118, in run
    return self._loop.run_until_complete(task)
           ~~~~~~~~~~~~~~~~~~~~~~~~~~~~~^^^^^^
  File "/Users/user/.local/share/uv/python/cpython-3.13.7-macos-aarch64-none/lib/python3.13/asyncio/base_events.py", line 725, in run_until_complete
    return future.result()
           ~~~~~~~~~~~~~^^
  File "/Users/user/reward-hacking/tinker-cookbook-reward-hacking/tinker_cookbook/rl/envs/inspect/bash_codeforces.py", line 404, in main
    await train.main(config)
  File "/Users/user/reward-hacking/tinker-cookbook-reward-hacking/tinker_cookbook/utils/trace.py", line 332, in async_wrapper
    return await func(*args, **kwargs)
           ^^^^^^^^^^^^^^^^^^^^^^^^^^^
  File "/Users/user/reward-hacking/tinker-cookbook-reward-hacking/tinker_cookbook/rl/train.py", line 1015, in main
    await training_func(
    ...<10 lines>...
    )
  File "/Users/user/reward-hacking/tinker-cookbook-reward-hacking/tinker_cookbook/utils/trace.py", line 332, in async_wrapper
    return await func(*args, **kwargs)
           ^^^^^^^^^^^^^^^^^^^^^^^^^^^
  File "/Users/user/reward-hacking/tinker-cookbook-reward-hacking/tinker_cookbook/rl/train.py", line 914, in do_sync_training
    trajectory_groups_P = await asyncio.gather(
                          ^^^^^^^^^^^^^^^^^^^^^
    ...<12 lines>...
    )
    ^
  File "/Users/user/reward-hacking/tinker-cookbook-reward-hacking/tinker_cookbook/utils/trace.py", line 332, in async_wrapper
    return await func(*args, **kwargs)
           ^^^^^^^^^^^^^^^^^^^^^^^^^^^
  File "/Users/user/reward-hacking/tinker-cookbook-reward-hacking/tinker_cookbook/rl/train.py", line 595, in do_group_rollout_and_filter_constant_reward
    trajectory_group = await do_group_rollout(env_group_builder, policy)
                       ^^^^^^^^^^^^^^^^^^^^^^^^^^^^^^^^^^^^^^^^^^^^^^^^^
  File "/Users/user/reward-hacking/tinker-cookbook-reward-hacking/tinker_cookbook/utils/logtree.py", line 537, in aw
    return await fn(*args, **kwargs)
           ^^^^^^^^^^^^^^^^^^^^^^^^^
  File "/Users/user/reward-hacking/tinker-cookbook-reward-hacking/tinker_cookbook/rl/rollouts.py", line 42, in do_group_rollout
    trajectories_G = await asyncio.gather(*[do_single_rollout(policy, env) for env in envs_G])
                     ^^^^^^^^^^^^^^^^^^^^^^^^^^^^^^^^^^^^^^^^^^^^^^^^^^^^^^^^^^^^^^^^^^^^^^^^^
  File "/Users/user/reward-hacking/tinker-cookbook-reward-hacking/tinker_cookbook/utils/logtree.py", line 537, in aw
    return await fn(*args, **kwargs)
           ^^^^^^^^^^^^^^^^^^^^^^^^^
  File "/Users/user/reward-hacking/tinker-cookbook-reward-hacking/tinker_cookbook/rl/rollouts.py", line 18, in do_single_rollout
    ob, stop_condition = await env.initial_observation()
                         ^^^^^^^^^^^^^^^^^^^^^^^^^^^^^^^
  File "/Users/user/reward-hacking/tinker-cookbook-reward-hacking/tinker_cookbook/rl/envs/inspect.py", line 227, in initial_observation
    observation = await self.inspect_llm_wrapper.next_prompt_or_final_step_result(
                  ^^^^^^^^^^^^^^^^^^^^^^^^^^^^^^^^^^^^^^^^^^^^^^^^^^^^^^^^^^^^^^^^
        sample_id=self.sample_id
        ^^^^^^^^^^^^^^^^^^^^^^^^
    )
    ^
  File "/Users/user/reward-hacking/tinker-cookbook-reward-hacking/tinker_cookbook/rl/envs/inspect.py", line 136, in next_prompt_or_final_step_result
    return await self.prompt_or_final_step_result_queues[sample_id].get()
           ^^^^^^^^^^^^^^^^^^^^^^^^^^^^^^^^^^^^^^^^^^^^^^^^^^^^^^^^^^^^^^
  File "/Users/user/.local/share/uv/python/cpython-3.13.7-macos-aarch64-none/lib/python3.13/asyncio/queues.py", line 186, in get
    await getter
asyncio.exceptions.CancelledError

During handling of the above exception, another exception occurred:

Traceback (most recent call last):
  File "/Users/user/.local/share/uv/python/cpython-3.13.7-macos-aarch64-none/lib/python3.13/asyncio/runners.py", line 195, in run
    return runner.run(main)
           ~~~~~~~~~~^^^^^^
  File "/Users/user/.local/share/uv/python/cpython-3.13.7-macos-aarch64-none/lib/python3.13/asyncio/runners.py", line 123, in run
    raise KeyboardInterrupt()
KeyboardInterrupt

During handling of the above exception, another exception occurred:

Traceback (most recent call last):
  File "/Users/user/reward-hacking/tinker-cookbook-reward-hacking/tinker_cookbook/rl/envs/inspect.py", line 350, in run_eval
    for sample_id, reward, metric in zip(sample_ids, rewards, metrics, strict=True):
                                     ~~~^^^^^^^^^^^^^^^^^^^^^^^^^^^^^^^^^^^^^^^^^^^
ValueError: zip() argument 2 is shorter than argument 1
[12/05/25 14:54:04] ERROR    unhandled exception during asyncio.run() shutdown       base_events.py:1879
                             task: <Task finished name='Task-1090'
                             coro=<InspectRLDataset.get_batch.<locals>.run_eval()
                             done, defined at
                             /Users/user/reward-hacking/tinker-cookbook-reward-hacki
                             ng/tinker_cookbook/rl/envs/inspect.py:330>
                             exception=ValueError('zip() argument 2 is shorter than
                             argument 1')>
                             Traceback (most recent call last):
                               File
                             "/Users/user/.local/share/uv/python/cpython-3.13.7-maco
                             s-aarch64-none/lib/python3.13/asyncio/runners.py", line
                             118, in run
                                 return self._loop.run_until_complete(task)
                                        ~~~~~~~~~~~~~~~~~~~~~~~~~~~~~^^^^^^
                               File
                             "/Users/user/.local/share/uv/python/cpython-3.13.7-maco
                             s-aarch64-none/lib/python3.13/asyncio/base_events.py",
                             line 725, in run_until_complete
                                 return future.result()
                                        ~~~~~~~~~~~~~^^
                               File
                             "/Users/user/reward-hacking/tinker-cookbook-reward-hack
                             ing/tinker_cookbook/rl/envs/inspect/bash_codeforces.py"
                             , line 404, in main
                                 await train.main(config)
                               File
                             "/Users/user/reward-hacking/tinker-cookbook-reward-hack
                             ing/tinker_cookbook/utils/trace.py", line 332, in
                             async_wrapper
                                 return await func(*args, **kwargs)
                                        ^^^^^^^^^^^^^^^^^^^^^^^^^^^
                               File
                             "/Users/user/reward-hacking/tinker-cookbook-reward-hack
                             ing/tinker_cookbook/rl/train.py", line 1015, in main
                                 await training_func(
                                 ...<10 lines>...
                                 )
                               File
                             "/Users/user/reward-hacking/tinker-cookbook-reward-hack
                             ing/tinker_cookbook/utils/trace.py", line 332, in
                             async_wrapper
                                 return await func(*args, **kwargs)
                                        ^^^^^^^^^^^^^^^^^^^^^^^^^^^
                               File
                             "/Users/user/reward-hacking/tinker-cookbook-reward-hack
                             ing/tinker_cookbook/rl/train.py", line 914, in
                             do_sync_training
                                 trajectory_groups_P = await asyncio.gather(
                                                       ^^^^^^^^^^^^^^^^^^^^^
                                 ...<12 lines>...
                                 )
                                 ^
                               File
                             "/Users/user/reward-hacking/tinker-cookbook-reward-hack
                             ing/tinker_cookbook/utils/trace.py", line 332, in
                             async_wrapper
                                 return await func(*args, **kwargs)
                                        ^^^^^^^^^^^^^^^^^^^^^^^^^^^
                               File
                             "/Users/user/reward-hacking/tinker-cookbook-reward-hack
                             ing/tinker_cookbook/rl/train.py", line 595, in
                             do_group_rollout_and_filter_constant_reward
                                 trajectory_group = await
                             do_group_rollout(env_group_builder, policy)
                                                    ^^^^^^^^^^^^^^^^^^^^^^^^^^^^^^^^
                             ^^^^^^^^^^^^^^^^^
                               File
                             "/Users/user/reward-hacking/tinker-cookbook-reward-hack
                             ing/tinker_cookbook/utils/logtree.py", line 537, in aw
                                 return await fn(*args, **kwargs)
                                        ^^^^^^^^^^^^^^^^^^^^^^^^^
                               File
                             "/Users/user/reward-hacking/tinker-cookbook-reward-hack
                             ing/tinker_cookbook/rl/rollouts.py", line 42, in
                             do_group_rollout
                                 trajectories_G = await
                             asyncio.gather(*[do_single_rollout(policy, env) for env
                             in envs_G])
                                                  ^^^^^^^^^^^^^^^^^^^^^^^^^^^^^^^^^^
                             ^^^^^^^^^^^^^^^^^^^^^^^^^^^^^^^^^^^^^^^
                               File
                             "/Users/user/reward-hacking/tinker-cookbook-reward-hack
                             ing/tinker_cookbook/utils/logtree.py", line 537, in aw
                                 return await fn(*args, **kwargs)
                                        ^^^^^^^^^^^^^^^^^^^^^^^^^
                               File
                             "/Users/user/reward-hacking/tinker-cookbook-reward-hack
                             ing/tinker_cookbook/rl/rollouts.py", line 18, in
                             do_single_rollout
                                 ob, stop_condition = await
                             env.initial_observation()
                                                      ^^^^^^^^^^^^^^^^^^^^^^^^^^^^^^
                             ^
                               File
                             "/Users/user/reward-hacking/tinker-cookbook-reward-hack
                             ing/tinker_cookbook/rl/envs/inspect.py", line 227, in
                             initial_observation
                                 observation = await
                             self.inspect_llm_wrapper.next_prompt_or_final_step_resu
                             lt(
                                               ^^^^^^^^^^^^^^^^^^^^^^^^^^^^^^^^^^^^^
                             ^^^^^^^^^^^^^^^^^^^^^^^^^^^
                                     sample_id=self.sample_id
                                     ^^^^^^^^^^^^^^^^^^^^^^^^
                                 )
                                 ^
                               File
                             "/Users/user/reward-hacking/tinker-cookbook-reward-hack
                             ing/tinker_cookbook/rl/envs/inspect.py", line 136, in
                             next_prompt_or_final_step_result
                                 return await
                             self.prompt_or_final_step_result_queues[sample_id].get(
                             )
                                        ^^^^^^^^^^^^^^^^^^^^^^^^^^^^^^^^^^^^^^^^^^^^
                             ^^^^^^^^^^^^^^^^^^
                               File
                             "/Users/user/.local/share/uv/python/cpython-3.13.7-maco
                             s-aarch64-none/lib/python3.13/asyncio/queues.py", line
                             186, in get
                                 await getter
                             asyncio.exceptions.CancelledError

                             During handling of the above exception, another
                             exception occurred:

                             Traceback (most recent call last):
                               File
                             "/Users/user/.local/share/uv/python/cpython-3.13.7-maco
                             s-aarch64-none/lib/python3.13/asyncio/runners.py", line
                             195, in run
                                 return runner.run(main)
                                        ~~~~~~~~~~^^^^^^
                               File
                             "/Users/user/.local/share/uv/python/cpython-3.13.7-maco
                             s-aarch64-none/lib/python3.13/asyncio/runners.py", line
                             123, in run
                                 raise KeyboardInterrupt()
                             KeyboardInterrupt

                             During handling of the above exception, another
                             exception occurred:

                             Traceback (most recent call last):
                               File
                             "/Users/user/reward-hacking/tinker-cookbook-reward-hack
                             ing/tinker_cookbook/rl/envs/inspect.py", line 350, in
                             run_eval
                                 for sample_id, reward, metric in zip(sample_ids,
                             rewards, metrics, strict=True):
                                                                  ~~~^^^^^^^^^^^^^^^
                             ^^^^^^^^^^^^^^^^^^^^^^^^^^^^
                             ValueError: zip() argument 2 is shorter than argument 1
Traceback (most recent call last):
  File "/Users/user/.local/share/uv/python/cpython-3.13.7-macos-aarch64-none/lib/python3.13/asyncio/runners.py", line 118, in run
    return self._loop.run_until_complete(task)
           ~~~~~~~~~~~~~~~~~~~~~~~~~~~~~^^^^^^
  File "/Users/user/.local/share/uv/python/cpython-3.13.7-macos-aarch64-none/lib/python3.13/asyncio/base_events.py", line 725, in run_until_complete
    return future.result()
           ~~~~~~~~~~~~~^^
  File "/Users/user/reward-hacking/tinker-cookbook-reward-hacking/tinker_cookbook/rl/envs/inspect/bash_codeforces.py", line 404, in main
    await train.main(config)
  File "/Users/user/reward-hacking/tinker-cookbook-reward-hacking/tinker_cookbook/utils/trace.py", line 332, in async_wrapper
    return await func(*args, **kwargs)
           ^^^^^^^^^^^^^^^^^^^^^^^^^^^
  File "/Users/user/reward-hacking/tinker-cookbook-reward-hacking/tinker_cookbook/rl/train.py", line 1015, in main
    await training_func(
    ...<10 lines>...
    )
  File "/Users/user/reward-hacking/tinker-cookbook-reward-hacking/tinker_cookbook/utils/trace.py", line 332, in async_wrapper
    return await func(*args, **kwargs)
           ^^^^^^^^^^^^^^^^^^^^^^^^^^^
  File "/Users/user/reward-hacking/tinker-cookbook-reward-hacking/tinker_cookbook/rl/train.py", line 914, in do_sync_training
    trajectory_groups_P = await asyncio.gather(
                          ^^^^^^^^^^^^^^^^^^^^^
    ...<12 lines>...
    )
    ^
  File "/Users/user/reward-hacking/tinker-cookbook-reward-hacking/tinker_cookbook/utils/trace.py", line 332, in async_wrapper
    return await func(*args, **kwargs)
           ^^^^^^^^^^^^^^^^^^^^^^^^^^^
  File "/Users/user/reward-hacking/tinker-cookbook-reward-hacking/tinker_cookbook/rl/train.py", line 595, in do_group_rollout_and_filter_constant_reward
    trajectory_group = await do_group_rollout(env_group_builder, policy)
                       ^^^^^^^^^^^^^^^^^^^^^^^^^^^^^^^^^^^^^^^^^^^^^^^^^
  File "/Users/user/reward-hacking/tinker-cookbook-reward-hacking/tinker_cookbook/utils/logtree.py", line 537, in aw
    return await fn(*args, **kwargs)
           ^^^^^^^^^^^^^^^^^^^^^^^^^
  File "/Users/user/reward-hacking/tinker-cookbook-reward-hacking/tinker_cookbook/rl/rollouts.py", line 42, in do_group_rollout
    trajectories_G = await asyncio.gather(*[do_single_rollout(policy, env) for env in envs_G])
                     ^^^^^^^^^^^^^^^^^^^^^^^^^^^^^^^^^^^^^^^^^^^^^^^^^^^^^^^^^^^^^^^^^^^^^^^^^
  File "/Users/user/reward-hacking/tinker-cookbook-reward-hacking/tinker_cookbook/utils/logtree.py", line 537, in aw
    return await fn(*args, **kwargs)
           ^^^^^^^^^^^^^^^^^^^^^^^^^
  File "/Users/user/reward-hacking/tinker-cookbook-reward-hacking/tinker_cookbook/rl/rollouts.py", line 18, in do_single_rollout
    ob, stop_condition = await env.initial_observation()
                         ^^^^^^^^^^^^^^^^^^^^^^^^^^^^^^^
  File "/Users/user/reward-hacking/tinker-cookbook-reward-hacking/tinker_cookbook/rl/envs/inspect.py", line 227, in initial_observation
    observation = await self.inspect_llm_wrapper.next_prompt_or_final_step_result(
                  ^^^^^^^^^^^^^^^^^^^^^^^^^^^^^^^^^^^^^^^^^^^^^^^^^^^^^^^^^^^^^^^^
        sample_id=self.sample_id
        ^^^^^^^^^^^^^^^^^^^^^^^^
    )
    ^
  File "/Users/user/reward-hacking/tinker-cookbook-reward-hacking/tinker_cookbook/rl/envs/inspect.py", line 136, in next_prompt_or_final_step_result
    return await self.prompt_or_final_step_result_queues[sample_id].get()
           ^^^^^^^^^^^^^^^^^^^^^^^^^^^^^^^^^^^^^^^^^^^^^^^^^^^^^^^^^^^^^^
  File "/Users/user/.local/share/uv/python/cpython-3.13.7-macos-aarch64-none/lib/python3.13/asyncio/queues.py", line 186, in get
    await getter
asyncio.exceptions.CancelledError

During handling of the above exception, another exception occurred:

Traceback (most recent call last):
  File "/Users/user/reward-hacking/tinker-cookbook-reward-hacking/tinker_cookbook/rl/envs/inspect/bash_codeforces.py", line 408, in <module>
    asyncio.run(main())
    ~~~~~~~~~~~^^^^^^^^
  File "/Users/user/.local/share/uv/python/cpython-3.13.7-macos-aarch64-none/lib/python3.13/asyncio/runners.py", line 195, in run
    return runner.run(main)
           ~~~~~~~~~~^^^^^^
  File "/Users/user/.local/share/uv/python/cpython-3.13.7-macos-aarch64-none/lib/python3.13/asyncio/runners.py", line 123, in run
    raise KeyboardInterrupt()
KeyboardInterrupt
