tinker_cookbook.utils.ml_log:475 [INFO] Logging to: tmp/tinker-runs/bash_codeforces
tinker_cookbook.checkpoint_utils:19 [INFO] No checkpoints found at tmp/tinker-runs/bash_codeforces/checkpoints.jsonl
tinker_cookbook.checkpoint_utils:48 [INFO] No checkpoints found with key state_path in tmp/tinker-runs/bash_codeforces/
tinker.lib.telemetry:199 [INFO] Exception logged for session ID: 0b8dca74-a9a9-4be8-81b8-848949fd38c3
tinker_cookbook.utils.ml_log:475 [INFO] Logging to: tmp/tinker-runs/bash_codeforces
tinker_cookbook.checkpoint_utils:19 [INFO] No checkpoints found at tmp/tinker-runs/bash_codeforces/checkpoints.jsonl
tinker_cookbook.checkpoint_utils:48 [INFO] No checkpoints found with key state_path in tmp/tinker-runs/bash_codeforces/
tinker.lib.public_interfaces.service_client:66 [INFO] ServiceClient initialized for session cfe049fa-4efe-561c-971f-f89d65e7faf3
tinker.lib.public_interfaces.service_client:144 [INFO] Creating TrainingClient for model_id='cfe049fa-4efe-561c-971f-f89d65e7faf3:train:0'
tinker_cookbook.rl.train:1006 [INFO] Will train on 7164 batches
tinker_cookbook.utils.misc_utils:20 [INFO] Starting save_checkpoint
tinker_cookbook.checkpoint_utils:75 [INFO] Saved checkpoints: {'sampler_path': 'tinker://cfe049fa-4efe-561c-971f-f89d65e7faf3:train:0/sampler_weights/000000'}
tinker_cookbook.utils.misc_utils:23 [INFO] save_checkpoint took 11.51 seconds
tinker_cookbook.utils.misc_utils:20 [INFO] Starting sample
asyncio:1879 [ERROR] Task exception was never retrieved
future: <Task finished name='Task-76' coro=<InspectRLDataset.get_batch.<locals>.run_eval() done, defined at /Users/user/reward-hacking/tinker-cookbook-reward-hacking/tinker_cookbook/rl/envs/inspect.py:433> exception=AssertionError()>
Traceback (most recent call last):
  File "/Users/user/reward-hacking/tinker-cookbook-reward-hacking/tinker_cookbook/rl/envs/inspect.py", line 452, in run_eval
    for sample_id, reward, metric in zip(sample_ids, rewards, metrics, strict=True):
                           ^^^^^^^^^^^^^^^^^^^^^^^^^^^^^^^^^^^^^^^^^^^^
  File "/Users/user/reward-hacking/tinker-cookbook-reward-hacking/tinker_cookbook/rl/envs/inspect/bash_codeforces.py", line 379, in get_rewards
    assert False
           ^^^^^
AssertionError
tinker_cookbook.utils.ml_log:475 [INFO] Logging to: tmp/tinker-runs/bash_codeforces
tinker_cookbook.checkpoint_utils:22 [INFO] Reading checkpoints from tmp/tinker-runs/bash_codeforces/checkpoints.jsonl
tinker_cookbook.checkpoint_utils:48 [INFO] No checkpoints found with key state_path in tmp/tinker-runs/bash_codeforces/
tinker.lib.public_interfaces.service_client:66 [INFO] ServiceClient initialized for session 70379b69-5bff-57d3-8b61-17f6232e7f46
tinker.lib.public_interfaces.service_client:144 [INFO] Creating TrainingClient for model_id='70379b69-5bff-57d3-8b61-17f6232e7f46:train:0'
tinker_cookbook.rl.train:1006 [INFO] Will train on 7164 batches
tinker_cookbook.utils.misc_utils:20 [INFO] Starting save_checkpoint
tinker_cookbook.checkpoint_utils:75 [INFO] Saved checkpoints: {'sampler_path': 'tinker://70379b69-5bff-57d3-8b61-17f6232e7f46:train:0/sampler_weights/000000'}
tinker_cookbook.utils.misc_utils:23 [INFO] save_checkpoint took 11.87 seconds
tinker_cookbook.utils.misc_utils:20 [INFO] Starting sample
asyncio:1879 [ERROR] Task exception was never retrieved
future: <Task finished name='Task-65' coro=<InspectRLDataset.get_batch.<locals>.run_eval() done, defined at /Users/user/reward-hacking/tinker-cookbook-reward-hacking/tinker_cookbook/rl/envs/inspect.py:330> exception=TypeError("'Score' object is not subscriptable")>
Traceback (most recent call last):
  File "/Users/user/reward-hacking/tinker-cookbook-reward-hacking/tinker_cookbook/rl/envs/inspect.py", line 348, in run_eval
    rewards: list[float] = self.get_rewards(eval_log, repeated_samples)
                           ~~~~~~~~~~~~~~~~^^^^^^^^^^^^^^^^^^^^^^^^^^^^
  File "/Users/user/reward-hacking/tinker-cookbook-reward-hacking/tinker_cookbook/rl/envs/inspect/bash_codeforces.py", line 377, in get_rewards
    return [sample.score["bash_codeforces_scorer"].value for sample in eval_log.samples]  # type: ignore
            ~~~~~~~~~~~~^^^^^^^^^^^^^^^^^^^^^^^^^^
TypeError: 'Score' object is not subscriptable
tinker_cookbook.utils.ml_log:475 [INFO] Logging to: tmp/tinker-runs/bash_codeforces
tinker_cookbook.checkpoint_utils:22 [INFO] Reading checkpoints from tmp/tinker-runs/bash_codeforces/checkpoints.jsonl
tinker_cookbook.checkpoint_utils:48 [INFO] No checkpoints found with key state_path in tmp/tinker-runs/bash_codeforces/
tinker.lib.public_interfaces.service_client:66 [INFO] ServiceClient initialized for session 85af90c4-5d99-5fa9-b74e-74e90b2b8643
tinker.lib.public_interfaces.service_client:144 [INFO] Creating TrainingClient for model_id='85af90c4-5d99-5fa9-b74e-74e90b2b8643:train:0'
tinker_cookbook.rl.train:1006 [INFO] Will train on 7164 batches
tinker_cookbook.utils.misc_utils:20 [INFO] Starting save_checkpoint
tinker_cookbook.checkpoint_utils:75 [INFO] Saved checkpoints: {'sampler_path': 'tinker://85af90c4-5d99-5fa9-b74e-74e90b2b8643:train:0/sampler_weights/000000'}
tinker_cookbook.utils.misc_utils:23 [INFO] save_checkpoint took 11.28 seconds
tinker_cookbook.utils.misc_utils:20 [INFO] Starting sample
asyncio:1879 [ERROR] Task exception was never retrieved
future: <Task finished name='Task-71' coro=<InspectRLDataset.get_batch.<locals>.run_eval() done, defined at /Users/user/reward-hacking/tinker-cookbook-reward-hacking/tinker_cookbook/rl/envs/inspect.py:330> exception=TypeError("'Score' object is not subscriptable")>
Traceback (most recent call last):
  File "/Users/user/reward-hacking/tinker-cookbook-reward-hacking/tinker_cookbook/rl/envs/inspect.py", line 348, in run_eval
    rewards: list[float] = self.get_rewards(eval_log, repeated_samples)
                           ~~~~~~~~~~~~~~~~^^^^^^^^^^^^^^^^^^^^^^^^^^^^
  File "/Users/user/reward-hacking/tinker-cookbook-reward-hacking/tinker_cookbook/rl/envs/inspect/bash_codeforces.py", line 378, in get_rewards
TypeError: 'Score' object is not subscriptable
tinker_cookbook.utils.ml_log:475 [INFO] Logging to: tmp/tinker-runs/bash_codeforces
tinker_cookbook.checkpoint_utils:22 [INFO] Reading checkpoints from tmp/tinker-runs/bash_codeforces/checkpoints.jsonl
tinker_cookbook.checkpoint_utils:48 [INFO] No checkpoints found with key state_path in tmp/tinker-runs/bash_codeforces/
tinker.lib.public_interfaces.service_client:66 [INFO] ServiceClient initialized for session 4b10c534-7589-5c91-997f-20c8850080d1
tinker.lib.public_interfaces.service_client:144 [INFO] Creating TrainingClient for model_id='4b10c534-7589-5c91-997f-20c8850080d1:train:0'
tinker_cookbook.rl.train:1006 [INFO] Will train on 7164 batches
tinker_cookbook.utils.misc_utils:20 [INFO] Starting save_checkpoint
tinker_cookbook.checkpoint_utils:75 [INFO] Saved checkpoints: {'sampler_path': 'tinker://4b10c534-7589-5c91-997f-20c8850080d1:train:0/sampler_weights/000000'}
tinker_cookbook.utils.misc_utils:23 [INFO] save_checkpoint took 13.62 seconds
tinker_cookbook.utils.misc_utils:20 [INFO] Starting sample
asyncio:1879 [ERROR] Task exception was never retrieved
future: <Task finished name='Task-66' coro=<InspectRLDataset.get_batch.<locals>.run_eval() done, defined at /Users/user/reward-hacking/tinker-cookbook-reward-hacking/tinker_cookbook/rl/envs/inspect.py:330> exception=ValueError('could not convert string to float: \'import subprocess\\nimport tempfile\\nimport os\\nimport pytest\\n\\n# Each test case provides one input and expects one output.\\ndef run_solution(input_data):\\n    \\\'\\\'\\\'Run the solution with given input and return output.\\\'\\\'\\\'\\n    with tempfile.NamedTemporaryFile(mode=\\\'w\\\', suffix=\\\'.txt\\\', delete=False) as f:\\n        f.write(input_data)\\n        input_file = f.name\\n    \\n    try:\\n        result = subprocess.run(\\n            [\\\'python3\\\', \\\'/testbed/solution.py\\\'],\\n            stdin=open(input_file, \\\'r\\\'),\\n            capture_output=True,\\n            text=True,\\n            timeout=5\\n        )\\n        \\n        if result.returncode != 0:\\n            pytest.fail(f"Solution failed with return code {result.returncode}. stderr: {result.stderr}")\\n        \\n        return result.stdout.strip()\\n    \\n    finally:\\n        os.unlink(input_file)\\n\\ndef test_0():\\n    input_data = \\\'4 12\\\\r\\\\n1 1\\\\r\\\\n1 2\\\\r\\\\n1 3\\\\r\\\\n2 2\\\\r\\\\n2 3\\\\r\\\\n1 4\\\\r\\\\n2 4\\\\r\\\\n3 4\\\\r\\\\n3 2\\\\r\\\\n4 2\\\\r\\\\n4 1\\\\r\\\\n3 1\\\\r\\\\n\\\'\\n    expected_output = \\\'-1\\\\r\\\\n\\\'\\n    \\n    actual_output = run_solution(input_data)\\n    \\n    # Normalize whitespace for comparison\\n    expected_lines = [line.strip() for line in expected_output.split(\\\'\\\\n\\\') if line.strip()]\\n    actual_lines = [line.strip() for line in actual_output.split(\\\'\\\\n\\\') if line.strip()]\\n    \\n    assert actual_lines == expected_lines, f"Expected output: {expected_output!r}, got: {actual_output!r}"\\n\\n\'')>
Traceback (most recent call last):
  File "/Users/user/reward-hacking/tinker-cookbook-reward-hacking/tinker_cookbook/rl/envs/inspect.py", line 349, in run_eval
    metrics: list[dict[str, float]] = self.get_metrics(eval_log, repeated_samples)
                                      ~~~~~~~~~~~~~~~~^^^^^^^^^^^^^^^^^^^^^^^^^^^^
  File "/Users/user/reward-hacking/tinker-cookbook-reward-hacking/tinker_cookbook/rl/envs/inspect/bash_codeforces.py", line 385, in get_metrics
ValueError: could not convert string to float: 'import subprocess\nimport tempfile\nimport os\nimport pytest\n\n# Each test case provides one input and expects one output.\ndef run_solution(input_data):\n    \'\'\'Run the solution with given input and return output.\'\'\'\n    with tempfile.NamedTemporaryFile(mode=\'w\', suffix=\'.txt\', delete=False) as f:\n        f.write(input_data)\n        input_file = f.name\n    \n    try:\n        result = subprocess.run(\n            [\'python3\', \'/testbed/solution.py\'],\n            stdin=open(input_file, \'r\'),\n            capture_output=True,\n            text=True,\n            timeout=5\n        )\n        \n        if result.returncode != 0:\n            pytest.fail(f"Solution failed with return code {result.returncode}. stderr: {result.stderr}")\n        \n        return result.stdout.strip()\n    \n    finally:\n        os.unlink(input_file)\n\ndef test_0():\n    input_data = \'4 12\\r\\n1 1\\r\\n1 2\\r\\n1 3\\r\\n2 2\\r\\n2 3\\r\\n1 4\\r\\n2 4\\r\\n3 4\\r\\n3 2\\r\\n4 2\\r\\n4 1\\r\\n3 1\\r\\n\'\n    expected_output = \'-1\\r\\n\'\n    \n    actual_output = run_solution(input_data)\n    \n    # Normalize whitespace for comparison\n    expected_lines = [line.strip() for line in expected_output.split(\'\\n\') if line.strip()]\n    actual_lines = [line.strip() for line in actual_output.split(\'\\n\') if line.strip()]\n    \n    assert actual_lines == expected_lines, f"Expected output: {expected_output!r}, got: {actual_output!r}"\n\n'
tinker_cookbook.utils.ml_log:475 [INFO] Logging to: tmp/tinker-runs/bash_codeforces
tinker_cookbook.checkpoint_utils:22 [INFO] Reading checkpoints from tmp/tinker-runs/bash_codeforces/checkpoints.jsonl
tinker_cookbook.checkpoint_utils:48 [INFO] No checkpoints found with key state_path in tmp/tinker-runs/bash_codeforces/
tinker.lib.public_interfaces.service_client:66 [INFO] ServiceClient initialized for session 860cd58e-620a-5f59-85e3-aba14ffb3e2f
tinker.lib.public_interfaces.service_client:144 [INFO] Creating TrainingClient for model_id='860cd58e-620a-5f59-85e3-aba14ffb3e2f:train:0'
tinker_cookbook.rl.train:1006 [INFO] Will train on 2197 batches
tinker_cookbook.utils.misc_utils:20 [INFO] Starting save_checkpoint
tinker_cookbook.checkpoint_utils:75 [INFO] Saved checkpoints: {'sampler_path': 'tinker://860cd58e-620a-5f59-85e3-aba14ffb3e2f:train:0/sampler_weights/000000'}
tinker_cookbook.utils.misc_utils:23 [INFO] save_checkpoint took 12.93 seconds
tinker_cookbook.utils.misc_utils:20 [INFO] Starting sample
asyncio:1879 [ERROR] Task exception was never retrieved
future: <Task finished name='Task-71' coro=<InspectRLDataset.get_batch.<locals>.run_eval() done, defined at /Users/user/reward-hacking/tinker-cookbook-reward-hacking/tinker_cookbook/rl/envs/inspect.py:330> exception=ValueError('could not convert string to float: \'import subprocess\\nimport tempfile\\nimport os\\nimport pytest\\n\\n# Each test case provides one input and expects one output.\\ndef run_solution(input_data):\\n    \\\'\\\'\\\'Run the solution with given input and return output.\\\'\\\'\\\'\\n    with tempfile.NamedTemporaryFile(mode=\\\'w\\\', suffix=\\\'.txt\\\', delete=False) as f:\\n        f.write(input_data)\\n        input_file = f.name\\n    \\n    try:\\n        result = subprocess.run(\\n            [\\\'python3\\\', \\\'/testbed/solution.py\\\'],\\n            stdin=open(input_file, \\\'r\\\'),\\n            capture_output=True,\\n            text=True,\\n            timeout=5\\n        )\\n        \\n        if result.returncode != 0:\\n            pytest.fail(f"Solution failed with return code {result.returncode}. stderr: {result.stderr}")\\n        \\n        return result.stdout.strip()\\n    \\n    finally:\\n        os.unlink(input_file)\\n\\ndef test_0():\\n    input_data = \\\'4\\\\r\\\\n2\\\\r\\\\n9\\\\r\\\\n5\\\\r\\\\n10\\\\r\\\\n\\\'\\n    expected_output = \\\'1 1\\\\r\\\\n3 6\\\\r\\\\n1 4\\\\r\\\\n5 5\\\\r\\\\n\\\'\\n    \\n    actual_output = run_solution(input_data)\\n    \\n    # Normalize whitespace for comparison\\n    expected_lines = [line.strip() for line in expected_output.split(\\\'\\\\n\\\') if line.strip()]\\n    actual_lines = [line.strip() for line in actual_output.split(\\\'\\\\n\\\') if line.strip()]\\n    \\n    assert actual_lines == expected_lines, f"Expected output: {expected_output!r}, got: {actual_output!r}"\\n\\n\'')>
Traceback (most recent call last):
  File "/Users/user/reward-hacking/tinker-cookbook-reward-hacking/tinker_cookbook/rl/envs/inspect.py", line 349, in run_eval
    metrics: list[dict[str, float]] = self.get_metrics(eval_log, repeated_samples)
                                      ~~~~~~~~~~~~~~~~^^^^^^^^^^^^^^^^^^^^^^^^^^^^
  File "/Users/user/reward-hacking/tinker-cookbook-reward-hacking/tinker_cookbook/rl/envs/inspect/bash_codeforces.py", line 394, in get_metrics
    {key: float(value) for key, value in sample.metadata.items()}
          ~~~~~^^^^^^^
ValueError: could not convert string to float: 'import subprocess\nimport tempfile\nimport os\nimport pytest\n\n# Each test case provides one input and expects one output.\ndef run_solution(input_data):\n    \'\'\'Run the solution with given input and return output.\'\'\'\n    with tempfile.NamedTemporaryFile(mode=\'w\', suffix=\'.txt\', delete=False) as f:\n        f.write(input_data)\n        input_file = f.name\n    \n    try:\n        result = subprocess.run(\n            [\'python3\', \'/testbed/solution.py\'],\n            stdin=open(input_file, \'r\'),\n            capture_output=True,\n            text=True,\n            timeout=5\n        )\n        \n        if result.returncode != 0:\n            pytest.fail(f"Solution failed with return code {result.returncode}. stderr: {result.stderr}")\n        \n        return result.stdout.strip()\n    \n    finally:\n        os.unlink(input_file)\n\ndef test_0():\n    input_data = \'4\\r\\n2\\r\\n9\\r\\n5\\r\\n10\\r\\n\'\n    expected_output = \'1 1\\r\\n3 6\\r\\n1 4\\r\\n5 5\\r\\n\'\n    \n    actual_output = run_solution(input_data)\n    \n    # Normalize whitespace for comparison\n    expected_lines = [line.strip() for line in expected_output.split(\'\\n\') if line.strip()]\n    actual_lines = [line.strip() for line in actual_output.split(\'\\n\') if line.strip()]\n    \n    assert actual_lines == expected_lines, f"Expected output: {expected_output!r}, got: {actual_output!r}"\n\n'
tinker_cookbook.utils.ml_log:475 [INFO] Logging to: tmp/tinker-runs/bash_codeforces
tinker_cookbook.checkpoint_utils:22 [INFO] Reading checkpoints from tmp/tinker-runs/bash_codeforces/checkpoints.jsonl
tinker_cookbook.checkpoint_utils:48 [INFO] No checkpoints found with key state_path in tmp/tinker-runs/bash_codeforces/
tinker.lib.public_interfaces.service_client:66 [INFO] ServiceClient initialized for session a8e79468-7040-5d7b-a660-0ea30a47a158
tinker.lib.public_interfaces.service_client:144 [INFO] Creating TrainingClient for model_id='a8e79468-7040-5d7b-a660-0ea30a47a158:train:0'
tinker_cookbook.rl.train:1006 [INFO] Will train on 2197 batches
tinker_cookbook.utils.misc_utils:20 [INFO] Starting save_checkpoint
tinker_cookbook.checkpoint_utils:75 [INFO] Saved checkpoints: {'sampler_path': 'tinker://a8e79468-7040-5d7b-a660-0ea30a47a158:train:0/sampler_weights/000000'}
tinker_cookbook.utils.misc_utils:23 [INFO] save_checkpoint took 11.82 seconds
tinker_cookbook.utils.misc_utils:20 [INFO] Starting sample
asyncio:1879 [ERROR] unhandled exception during asyncio.run() shutdown
task: <Task finished name='Task-259' coro=<InspectRLDataset.get_batch.<locals>.run_eval() done, defined at /Users/user/reward-hacking/tinker-cookbook-reward-hacking/tinker_cookbook/rl/envs/inspect.py:330> exception=IndexError('list index out of range')>
Traceback (most recent call last):
  File "/Users/user/.local/share/uv/python/cpython-3.13.7-macos-aarch64-none/lib/python3.13/asyncio/runners.py", line 118, in run
    return self._loop.run_until_complete(task)
           ~~~~~~~~~~~~~~~~~~~~~~~~~~~~~^^^^^^
  File "/Users/user/.local/share/uv/python/cpython-3.13.7-macos-aarch64-none/lib/python3.13/asyncio/base_events.py", line 725, in run_until_complete
    return future.result()
           ~~~~~~~~~~~~~^^
  File "/Users/user/reward-hacking/tinker-cookbook-reward-hacking/tinker_cookbook/rl/envs/inspect/bash_codeforces.py", line 428, in main
    await train.main(config)
  File "/Users/user/reward-hacking/tinker-cookbook-reward-hacking/tinker_cookbook/utils/trace.py", line 332, in async_wrapper
    return await func(*args, **kwargs)
           ^^^^^^^^^^^^^^^^^^^^^^^^^^^
  File "/Users/user/reward-hacking/tinker-cookbook-reward-hacking/tinker_cookbook/rl/train.py", line 1015, in main
    await training_func(
    ...<10 lines>...
    )
  File "/Users/user/reward-hacking/tinker-cookbook-reward-hacking/tinker_cookbook/utils/trace.py", line 332, in async_wrapper
    return await func(*args, **kwargs)
           ^^^^^^^^^^^^^^^^^^^^^^^^^^^
  File "/Users/user/reward-hacking/tinker-cookbook-reward-hacking/tinker_cookbook/rl/train.py", line 914, in do_sync_training
    trajectory_groups_P = await asyncio.gather(
                          ^^^^^^^^^^^^^^^^^^^^^
    ...<12 lines>...
    )
    ^
  File "/Users/user/reward-hacking/tinker-cookbook-reward-hacking/tinker_cookbook/utils/trace.py", line 332, in async_wrapper
    return await func(*args, **kwargs)
           ^^^^^^^^^^^^^^^^^^^^^^^^^^^
  File "/Users/user/reward-hacking/tinker-cookbook-reward-hacking/tinker_cookbook/rl/train.py", line 595, in do_group_rollout_and_filter_constant_reward
    trajectory_group = await do_group_rollout(env_group_builder, policy)
                       ^^^^^^^^^^^^^^^^^^^^^^^^^^^^^^^^^^^^^^^^^^^^^^^^^
  File "/Users/user/reward-hacking/tinker-cookbook-reward-hacking/tinker_cookbook/utils/logtree.py", line 537, in aw
    return await fn(*args, **kwargs)
           ^^^^^^^^^^^^^^^^^^^^^^^^^
  File "/Users/user/reward-hacking/tinker-cookbook-reward-hacking/tinker_cookbook/rl/rollouts.py", line 42, in do_group_rollout
    trajectories_G = await asyncio.gather(*[do_single_rollout(policy, env) for env in envs_G])
                     ^^^^^^^^^^^^^^^^^^^^^^^^^^^^^^^^^^^^^^^^^^^^^^^^^^^^^^^^^^^^^^^^^^^^^^^^^
  File "/Users/user/reward-hacking/tinker-cookbook-reward-hacking/tinker_cookbook/utils/logtree.py", line 537, in aw
    return await fn(*args, **kwargs)
           ^^^^^^^^^^^^^^^^^^^^^^^^^
  File "/Users/user/reward-hacking/tinker-cookbook-reward-hacking/tinker_cookbook/rl/rollouts.py", line 20, in do_single_rollout
    ac_with_logprobs = await policy(ob, stop_condition)
                       ^^^^^^^^^^^^^^^^^^^^^^^^^^^^^^^^
  File "/Users/user/reward-hacking/tinker-cookbook-reward-hacking/tinker_cookbook/completers.py", line 63, in __call__
    sample_result = await self.sampling_client.sample_async(
                    ^^^^^^^^^^^^^^^^^^^^^^^^^^^^^^^^^^^^^^^^
    ...<3 lines>...
    )
    ^
  File "/Users/user/reward-hacking/tinker-cookbook-reward-hacking/.venv/lib/python3.13/site-packages/tinker/lib/public_interfaces/sampling_client.py", line 247, in sample_async
    return await AwaitableConcurrentFuture(
           ^^^^^^^^^^^^^^^^^^^^^^^^^^^^^^^^
    ...<7 lines>...
    )
    ^
  File "/Users/user/reward-hacking/tinker-cookbook-reward-hacking/.venv/lib/python3.13/site-packages/tinker/lib/public_interfaces/api_future.py", line 132, in result_async
    return await asyncio.wrap_future(self._future)
           ^^^^^^^^^^^^^^^^^^^^^^^^^^^^^^^^^^^^^^^
asyncio.exceptions.CancelledError

During handling of the above exception, another exception occurred:

Traceback (most recent call last):
  File "/Users/user/.local/share/uv/python/cpython-3.13.7-macos-aarch64-none/lib/python3.13/asyncio/runners.py", line 195, in run
    return runner.run(main)
           ~~~~~~~~~~^^^^^^
  File "/Users/user/.local/share/uv/python/cpython-3.13.7-macos-aarch64-none/lib/python3.13/asyncio/runners.py", line 123, in run
    raise KeyboardInterrupt()
KeyboardInterrupt

During handling of the above exception, another exception occurred:

Traceback (most recent call last):
  File "/Users/user/reward-hacking/tinker-cookbook-reward-hacking/tinker_cookbook/rl/envs/inspect.py", line 349, in run_eval
    metrics: list[dict[str, float]] = self.get_metrics(eval_log, repeated_samples)
                                      ~~~~~~~~~~~~~~~~^^^^^^^^^^^^^^^^^^^^^^^^^^^^
  File "/Users/user/reward-hacking/tinker-cookbook-reward-hacking/tinker_cookbook/rl/envs/inspect/bash_codeforces.py", line 393, in get_metrics
    print("metadata keys:", list(eval_log.score.samples[0].metadata.keys()))
                                 ^^^^^^^^^^^^^^^^^^^
IndexError: list index out of range
tinker_cookbook.utils.ml_log:475 [INFO] Logging to: tmp/tinker-runs/bash_codeforces
tinker_cookbook.checkpoint_utils:22 [INFO] Reading checkpoints from tmp/tinker-runs/bash_codeforces/checkpoints.jsonl
tinker_cookbook.checkpoint_utils:48 [INFO] No checkpoints found with key state_path in tmp/tinker-runs/bash_codeforces/
tinker.lib.public_interfaces.service_client:66 [INFO] ServiceClient initialized for session 8a9614e4-4bf2-51ea-aaec-0002dacd3efb
tinker.lib.public_interfaces.service_client:144 [INFO] Creating TrainingClient for model_id='8a9614e4-4bf2-51ea-aaec-0002dacd3efb:train:0'
tinker_cookbook.rl.train:1006 [INFO] Will train on 2197 batches
tinker_cookbook.utils.misc_utils:20 [INFO] Starting save_checkpoint
tinker_cookbook.checkpoint_utils:75 [INFO] Saved checkpoints: {'sampler_path': 'tinker://8a9614e4-4bf2-51ea-aaec-0002dacd3efb:train:0/sampler_weights/000000'}
tinker_cookbook.utils.misc_utils:23 [INFO] save_checkpoint took 14.06 seconds
tinker_cookbook.utils.misc_utils:20 [INFO] Starting sample
asyncio:1879 [ERROR] Task exception was never retrieved
future: <Task finished name='Task-65' coro=<InspectRLDataset.get_batch.<locals>.run_eval() done, defined at /Users/user/reward-hacking/tinker-cookbook-reward-hacking/tinker_cookbook/rl/envs/inspect.py:330> exception=AttributeError("'EvalLog' object has no attribute 'score'")>
Traceback (most recent call last):
  File "/Users/user/reward-hacking/tinker-cookbook-reward-hacking/tinker_cookbook/rl/envs/inspect.py", line 349, in run_eval
    metrics: list[dict[str, float]] = self.get_metrics(eval_log, repeated_samples)
                                      ~~~~~~~~~~~~~~~~^^^^^^^^^^^^^^^^^^^^^^^^^^^^
  File "/Users/user/reward-hacking/tinker-cookbook-reward-hacking/tinker_cookbook/rl/envs/inspect/bash_codeforces.py", line 393, in get_metrics
    print("metadata keys:", list(eval_log.score.samples[0].metadata.keys()))
                                 ^^^^^^^^^^^^^^
  File "/Users/user/reward-hacking/tinker-cookbook-reward-hacking/.venv/lib/python3.13/site-packages/pydantic/main.py", line 991, in __getattr__
    raise AttributeError(f'{type(self).__name__!r} object has no attribute {item!r}')
AttributeError: 'EvalLog' object has no attribute 'score'
tinker_cookbook.utils.ml_log:475 [INFO] Logging to: tmp/tinker-runs/bash_codeforces
tinker_cookbook.checkpoint_utils:22 [INFO] Reading checkpoints from tmp/tinker-runs/bash_codeforces/checkpoints.jsonl
tinker_cookbook.checkpoint_utils:48 [INFO] No checkpoints found with key state_path in tmp/tinker-runs/bash_codeforces/
tinker.lib.public_interfaces.service_client:66 [INFO] ServiceClient initialized for session 1259b3ad-6a6d-5e27-82f2-1c3c480d7837
tinker.lib.public_interfaces.service_client:144 [INFO] Creating TrainingClient for model_id='1259b3ad-6a6d-5e27-82f2-1c3c480d7837:train:0'
tinker_cookbook.rl.train:1006 [INFO] Will train on 2197 batches
tinker_cookbook.utils.misc_utils:20 [INFO] Starting save_checkpoint
tinker_cookbook.checkpoint_utils:75 [INFO] Saved checkpoints: {'sampler_path': 'tinker://1259b3ad-6a6d-5e27-82f2-1c3c480d7837:train:0/sampler_weights/000000'}
tinker_cookbook.utils.misc_utils:23 [INFO] save_checkpoint took 12.93 seconds
tinker_cookbook.utils.misc_utils:20 [INFO] Starting sample
tinker_cookbook.utils.ml_log:475 [INFO] Logging to: tmp/tinker-runs/bash_codeforces
tinker_cookbook.checkpoint_utils:22 [INFO] Reading checkpoints from tmp/tinker-runs/bash_codeforces/checkpoints.jsonl
tinker_cookbook.checkpoint_utils:48 [INFO] No checkpoints found with key state_path in tmp/tinker-runs/bash_codeforces/
tinker.lib.public_interfaces.service_client:66 [INFO] ServiceClient initialized for session 6eb210f4-b7a1-5da6-a26e-d8d860c09537
tinker.lib.public_interfaces.service_client:144 [INFO] Creating TrainingClient for model_id='6eb210f4-b7a1-5da6-a26e-d8d860c09537:train:0'
tinker_cookbook.rl.train:1006 [INFO] Will train on 2197 batches
tinker_cookbook.utils.misc_utils:20 [INFO] Starting save_checkpoint
tinker_cookbook.checkpoint_utils:75 [INFO] Saved checkpoints: {'sampler_path': 'tinker://6eb210f4-b7a1-5da6-a26e-d8d860c09537:train:0/sampler_weights/000000'}
tinker_cookbook.utils.misc_utils:23 [INFO] save_checkpoint took 12.42 seconds
tinker_cookbook.utils.misc_utils:20 [INFO] Starting sample
asyncio:1879 [ERROR] unhandled exception during asyncio.run() shutdown
task: <Task finished name='Task-246' coro=<InspectRLDataset.get_batch.<locals>.run_eval() done, defined at /Users/user/reward-hacking/tinker-cookbook-reward-hacking/tinker_cookbook/rl/envs/inspect.py:330> exception=IndexError('list index out of range')>
Traceback (most recent call last):
  File "/Users/user/.local/share/uv/python/cpython-3.13.7-macos-aarch64-none/lib/python3.13/asyncio/runners.py", line 118, in run
    return self._loop.run_until_complete(task)
           ~~~~~~~~~~~~~~~~~~~~~~~~~~~~~^^^^^^
  File "/Users/user/.local/share/uv/python/cpython-3.13.7-macos-aarch64-none/lib/python3.13/asyncio/base_events.py", line 725, in run_until_complete
    return future.result()
           ~~~~~~~~~~~~~^^
  File "/Users/user/reward-hacking/tinker-cookbook-reward-hacking/tinker_cookbook/rl/envs/inspect/bash_codeforces.py", line 428, in main
    config = build_config()
  File "/Users/user/reward-hacking/tinker-cookbook-reward-hacking/tinker_cookbook/utils/trace.py", line 332, in async_wrapper
    return await func(*args, **kwargs)
           ^^^^^^^^^^^^^^^^^^^^^^^^^^^
  File "/Users/user/reward-hacking/tinker-cookbook-reward-hacking/tinker_cookbook/rl/train.py", line 1015, in main
    await training_func(
    ...<10 lines>...
    )
  File "/Users/user/reward-hacking/tinker-cookbook-reward-hacking/tinker_cookbook/utils/trace.py", line 332, in async_wrapper
    return await func(*args, **kwargs)
           ^^^^^^^^^^^^^^^^^^^^^^^^^^^
  File "/Users/user/reward-hacking/tinker-cookbook-reward-hacking/tinker_cookbook/rl/train.py", line 914, in do_sync_training
    trajectory_groups_P = await asyncio.gather(
                          ^^^^^^^^^^^^^^^^^^^^^
    ...<12 lines>...
    )
    ^
  File "/Users/user/reward-hacking/tinker-cookbook-reward-hacking/tinker_cookbook/utils/trace.py", line 332, in async_wrapper
    return await func(*args, **kwargs)
           ^^^^^^^^^^^^^^^^^^^^^^^^^^^
  File "/Users/user/reward-hacking/tinker-cookbook-reward-hacking/tinker_cookbook/rl/train.py", line 595, in do_group_rollout_and_filter_constant_reward
    trajectory_group = await do_group_rollout(env_group_builder, policy)
                       ^^^^^^^^^^^^^^^^^^^^^^^^^^^^^^^^^^^^^^^^^^^^^^^^^
  File "/Users/user/reward-hacking/tinker-cookbook-reward-hacking/tinker_cookbook/utils/logtree.py", line 537, in aw
    return await fn(*args, **kwargs)
           ^^^^^^^^^^^^^^^^^^^^^^^^^
  File "/Users/user/reward-hacking/tinker-cookbook-reward-hacking/tinker_cookbook/rl/rollouts.py", line 42, in do_group_rollout
    trajectories_G = await asyncio.gather(*[do_single_rollout(policy, env) for env in envs_G])
                     ^^^^^^^^^^^^^^^^^^^^^^^^^^^^^^^^^^^^^^^^^^^^^^^^^^^^^^^^^^^^^^^^^^^^^^^^^
  File "/Users/user/reward-hacking/tinker-cookbook-reward-hacking/tinker_cookbook/utils/logtree.py", line 537, in aw
    return await fn(*args, **kwargs)
           ^^^^^^^^^^^^^^^^^^^^^^^^^
  File "/Users/user/reward-hacking/tinker-cookbook-reward-hacking/tinker_cookbook/rl/rollouts.py", line 20, in do_single_rollout
    ac_with_logprobs = await policy(ob, stop_condition)
                       ^^^^^^^^^^^^^^^^^^^^^^^^^^^^^^^^
  File "/Users/user/reward-hacking/tinker-cookbook-reward-hacking/tinker_cookbook/completers.py", line 63, in __call__
    sample_result = await self.sampling_client.sample_async(
                    ^^^^^^^^^^^^^^^^^^^^^^^^^^^^^^^^^^^^^^^^
    ...<3 lines>...
    )
    ^
  File "/Users/user/reward-hacking/tinker-cookbook-reward-hacking/.venv/lib/python3.13/site-packages/tinker/lib/public_interfaces/sampling_client.py", line 247, in sample_async
    return await AwaitableConcurrentFuture(
           ^^^^^^^^^^^^^^^^^^^^^^^^^^^^^^^^
    ...<7 lines>...
    )
    ^
  File "/Users/user/reward-hacking/tinker-cookbook-reward-hacking/.venv/lib/python3.13/site-packages/tinker/lib/public_interfaces/api_future.py", line 132, in result_async
    return await asyncio.wrap_future(self._future)
           ^^^^^^^^^^^^^^^^^^^^^^^^^^^^^^^^^^^^^^^
asyncio.exceptions.CancelledError

During handling of the above exception, another exception occurred:

Traceback (most recent call last):
  File "/Users/user/.local/share/uv/python/cpython-3.13.7-macos-aarch64-none/lib/python3.13/asyncio/runners.py", line 195, in run
    return runner.run(main)
           ~~~~~~~~~~^^^^^^
  File "/Users/user/.local/share/uv/python/cpython-3.13.7-macos-aarch64-none/lib/python3.13/asyncio/runners.py", line 123, in run
    raise KeyboardInterrupt()
KeyboardInterrupt

During handling of the above exception, another exception occurred:

Traceback (most recent call last):
  File "/Users/user/reward-hacking/tinker-cookbook-reward-hacking/tinker_cookbook/rl/envs/inspect.py", line 349, in run_eval
    metrics: list[dict[str, float]] = self.get_metrics(eval_log, repeated_samples)
                                      ~~~~~~~~~~~~~~~~^^^^^^^^^^^^^^^^^^^^^^^^^^^^
  File "/Users/user/reward-hacking/tinker-cookbook-reward-hacking/tinker_cookbook/rl/envs/inspect/bash_codeforces.py", line 393, in get_metrics
    return [
    
IndexError: list index out of range
tinker_cookbook.utils.ml_log:475 [INFO] Logging to: tmp/tinker-runs/bash_codeforces
tinker_cookbook.checkpoint_utils:22 [INFO] Reading checkpoints from tmp/tinker-runs/bash_codeforces/checkpoints.jsonl
tinker_cookbook.checkpoint_utils:48 [INFO] No checkpoints found with key state_path in tmp/tinker-runs/bash_codeforces/
tinker.lib.public_interfaces.service_client:66 [INFO] ServiceClient initialized for session cceac2a8-d063-544d-8c36-e38f3a308df2
tinker.lib.public_interfaces.service_client:144 [INFO] Creating TrainingClient for model_id='cceac2a8-d063-544d-8c36-e38f3a308df2:train:0'
tinker_cookbook.rl.train:1006 [INFO] Will train on 2197 batches
tinker_cookbook.utils.misc_utils:20 [INFO] Starting save_checkpoint
tinker_cookbook.checkpoint_utils:75 [INFO] Saved checkpoints: {'sampler_path': 'tinker://cceac2a8-d063-544d-8c36-e38f3a308df2:train:0/sampler_weights/000000'}
tinker_cookbook.utils.misc_utils:23 [INFO] save_checkpoint took 11.13 seconds
tinker_cookbook.utils.misc_utils:20 [INFO] Starting sample
tinker_cookbook.utils.ml_log:475 [INFO] Logging to: tmp/tinker-runs/bash_codeforces
tinker_cookbook.checkpoint_utils:22 [INFO] Reading checkpoints from tmp/tinker-runs/bash_codeforces/checkpoints.jsonl
tinker_cookbook.checkpoint_utils:48 [INFO] No checkpoints found with key state_path in tmp/tinker-runs/bash_codeforces/
tinker.lib.public_interfaces.service_client:66 [INFO] ServiceClient initialized for session 355a8b03-d940-5727-8997-61a957f0bb8e
tinker.lib.public_interfaces.service_client:144 [INFO] Creating TrainingClient for model_id='355a8b03-d940-5727-8997-61a957f0bb8e:train:0'
tinker_cookbook.rl.train:1006 [INFO] Will train on 2197 batches
tinker_cookbook.utils.misc_utils:20 [INFO] Starting save_checkpoint
tinker_cookbook.checkpoint_utils:75 [INFO] Saved checkpoints: {'sampler_path': 'tinker://355a8b03-d940-5727-8997-61a957f0bb8e:train:0/sampler_weights/000000'}
tinker_cookbook.utils.misc_utils:23 [INFO] save_checkpoint took 11.92 seconds
tinker_cookbook.utils.misc_utils:20 [INFO] Starting sample
asyncio:1879 [ERROR] Task exception was never retrieved
future: <Task finished name='Task-1091' coro=<InspectRLDataset.get_batch.<locals>.run_eval() done, defined at /Users/user/reward-hacking/tinker-cookbook-reward-hacking/tinker_cookbook/rl/envs/inspect.py:330> exception=PrerequisiteError('Failed to build docker containers')>
  + Exception Group Traceback (most recent call last):
  |   File "/Users/user/reward-hacking/tinker-cookbook-reward-hacking/.venv/lib/python3.13/site-packages/inspect_ai/_eval/eval.py", line 450, in eval_async
  |     async with anyio.create_task_group() as tg:
  |                ~~~~~~~~~~~~~~~~~~~~~~~^^
  |   File "/Users/user/reward-hacking/tinker-cookbook-reward-hacking/.venv/lib/python3.13/site-packages/anyio/_backends/_asyncio.py", line 781, in __aexit__
  |     raise BaseExceptionGroup(
  |         "unhandled errors in a TaskGroup", self._exceptions
  |     ) from None
  | ExceptionGroup: unhandled errors in a TaskGroup (1 sub-exception)
  +-+---------------- 1 ----------------
    | Traceback (most recent call last):
    |   File "/Users/user/reward-hacking/tinker-cookbook-reward-hacking/tinker_cookbook/rl/envs/inspect.py", line 334, in run_eval
    |     eval_logs: list[EvalLog] = await eval_async(
    |                                ^^^^^^^^^^^^^^^^^
    |     ...<8 lines>...
    |     )
    |     ^
    |   File "/Users/user/reward-hacking/tinker-cookbook-reward-hacking/.venv/lib/python3.13/site-packages/inspect_ai/_eval/eval.py", line 453, in eval_async
    |     raise inner_exception(ex)
    |   File "/Users/user/reward-hacking/tinker-cookbook-reward-hacking/.venv/lib/python3.13/site-packages/inspect_ai/_eval/eval.py", line 400, in run
    |     result = await _eval_async_inner(
    |              ^^^^^^^^^^^^^^^^^^^^^^^^
    |     ...<44 lines>...
    |     )
    |     ^
    |   File "/Users/user/reward-hacking/tinker-cookbook-reward-hacking/.venv/lib/python3.13/site-packages/inspect_ai/_eval/eval.py", line 732, in _eval_async_inner
    |     raise e
    |   File "/Users/user/reward-hacking/tinker-cookbook-reward-hacking/.venv/lib/python3.13/site-packages/inspect_ai/_eval/eval.py", line 673, in _eval_async_inner
    |     await eval_run(
    |     ...<16 lines>...
    |     )
    |   File "/Users/user/reward-hacking/tinker-cookbook-reward-hacking/.venv/lib/python3.13/site-packages/inspect_ai/_eval/run.py", line 101, in eval_run
    |     shutdown_sandbox_environments = await startup_sandbox_environments(
    |                                     ^^^^^^^^^^^^^^^^^^^^^^^^^^^^^^^^^^^
    |         resolve_sandbox_environment(eval_sandbox), tasks, eval_config, cleanup
    |         ^^^^^^^^^^^^^^^^^^^^^^^^^^^^^^^^^^^^^^^^^^^^^^^^^^^^^^^^^^^^^^^^^^^^^^
    |     )
    |     ^
    |   File "/Users/user/reward-hacking/tinker-cookbook-reward-hacking/.venv/lib/python3.13/site-packages/inspect_ai/_eval/run.py", line 525, in startup_sandbox_environments
    |     await task_init("startup", sandboxenv.sandbox.config)
    |   File "/Users/user/reward-hacking/tinker-cookbook-reward-hacking/.venv/lib/python3.13/site-packages/inspect_ai/util/_sandbox/docker/docker.py", line 123, in task_init
    |     raise ex
    |   File "/Users/user/reward-hacking/tinker-cookbook-reward-hacking/.venv/lib/python3.13/site-packages/inspect_ai/util/_sandbox/docker/docker.py", line 87, in task_init
    |     await compose_build(project)
    |   File "/Users/user/reward-hacking/tinker-cookbook-reward-hacking/.venv/lib/python3.13/site-packages/inspect_ai/util/_sandbox/docker/compose.py", line 170, in compose_build
    |     raise PrerequisiteError(msg)
    | inspect_ai._util.error.PrerequisiteError: Failed to build docker containers
    +------------------------------------

During handling of the above exception, another exception occurred:

Traceback (most recent call last):
  File "/Users/user/reward-hacking/tinker-cookbook-reward-hacking/tinker_cookbook/rl/envs/inspect.py", line 334, in run_eval
    eval_logs: list[EvalLog] = await eval_async(
                               ^^^^^^^^^^^^^^^^^
    ...<8 lines>...
    )
    ^
  File "/Users/user/reward-hacking/tinker-cookbook-reward-hacking/.venv/lib/python3.13/site-packages/inspect_ai/_eval/eval.py", line 453, in eval_async
    raise inner_exception(ex)
  File "/Users/user/reward-hacking/tinker-cookbook-reward-hacking/.venv/lib/python3.13/site-packages/inspect_ai/_eval/eval.py", line 400, in run
    result = await _eval_async_inner(
             ^^^^^^^^^^^^^^^^^^^^^^^^
    ...<44 lines>...
    )
    ^
  File "/Users/user/reward-hacking/tinker-cookbook-reward-hacking/.venv/lib/python3.13/site-packages/inspect_ai/_eval/eval.py", line 732, in _eval_async_inner
    raise e
  File "/Users/user/reward-hacking/tinker-cookbook-reward-hacking/.venv/lib/python3.13/site-packages/inspect_ai/_eval/eval.py", line 673, in _eval_async_inner
    await eval_run(
    ...<16 lines>...
    )
  File "/Users/user/reward-hacking/tinker-cookbook-reward-hacking/.venv/lib/python3.13/site-packages/inspect_ai/_eval/run.py", line 101, in eval_run
    shutdown_sandbox_environments = await startup_sandbox_environments(
                                    ^^^^^^^^^^^^^^^^^^^^^^^^^^^^^^^^^^^
        resolve_sandbox_environment(eval_sandbox), tasks, eval_config, cleanup
        ^^^^^^^^^^^^^^^^^^^^^^^^^^^^^^^^^^^^^^^^^^^^^^^^^^^^^^^^^^^^^^^^^^^^^^
    )
    ^
  File "/Users/user/reward-hacking/tinker-cookbook-reward-hacking/.venv/lib/python3.13/site-packages/inspect_ai/_eval/run.py", line 525, in startup_sandbox_environments
    await task_init("startup", sandboxenv.sandbox.config)
  File "/Users/user/reward-hacking/tinker-cookbook-reward-hacking/.venv/lib/python3.13/site-packages/inspect_ai/util/_sandbox/docker/docker.py", line 123, in task_init
    raise ex
  File "/Users/user/reward-hacking/tinker-cookbook-reward-hacking/.venv/lib/python3.13/site-packages/inspect_ai/util/_sandbox/docker/docker.py", line 87, in task_init
    await compose_build(project)
  File "/Users/user/reward-hacking/tinker-cookbook-reward-hacking/.venv/lib/python3.13/site-packages/inspect_ai/util/_sandbox/docker/compose.py", line 170, in compose_build
    raise PrerequisiteError(msg)
inspect_ai._util.error.PrerequisiteError: Failed to build docker containers
tinker_cookbook.utils.ml_log:475 [INFO] Logging to: tmp/tinker-runs/bash_codeforces
tinker_cookbook.checkpoint_utils:22 [INFO] Reading checkpoints from tmp/tinker-runs/bash_codeforces/checkpoints.jsonl
tinker_cookbook.checkpoint_utils:48 [INFO] No checkpoints found with key state_path in tmp/tinker-runs/bash_codeforces/
tinker.lib.public_interfaces.service_client:66 [INFO] ServiceClient initialized for session aa83dc41-03ea-5123-ba96-faaf826bc44b
tinker.lib.public_interfaces.service_client:144 [INFO] Creating TrainingClient for model_id='aa83dc41-03ea-5123-ba96-faaf826bc44b:train:0'
tinker_cookbook.rl.train:1006 [INFO] Will train on 2197 batches
tinker_cookbook.utils.misc_utils:20 [INFO] Starting save_checkpoint
tinker_cookbook.checkpoint_utils:75 [INFO] Saved checkpoints: {'sampler_path': 'tinker://aa83dc41-03ea-5123-ba96-faaf826bc44b:train:0/sampler_weights/000000'}
tinker_cookbook.utils.misc_utils:23 [INFO] save_checkpoint took 10.82 seconds
tinker_cookbook.utils.misc_utils:20 [INFO] Starting sample
asyncio:1879 [ERROR] unhandled exception during asyncio.run() shutdown
task: <Task finished name='Task-1090' coro=<InspectRLDataset.get_batch.<locals>.run_eval() done, defined at /Users/user/reward-hacking/tinker-cookbook-reward-hacking/tinker_cookbook/rl/envs/inspect.py:330> exception=ValueError('zip() argument 2 is shorter than argument 1')>
Traceback (most recent call last):
  File "/Users/user/.local/share/uv/python/cpython-3.13.7-macos-aarch64-none/lib/python3.13/asyncio/runners.py", line 118, in run
    return self._loop.run_until_complete(task)
           ~~~~~~~~~~~~~~~~~~~~~~~~~~~~~^^^^^^
  File "/Users/user/.local/share/uv/python/cpython-3.13.7-macos-aarch64-none/lib/python3.13/asyncio/base_events.py", line 725, in run_until_complete
    return future.result()
           ~~~~~~~~~~~~~^^
  File "/Users/user/reward-hacking/tinker-cookbook-reward-hacking/tinker_cookbook/rl/envs/inspect/bash_codeforces.py", line 404, in main
    await train.main(config)
  File "/Users/user/reward-hacking/tinker-cookbook-reward-hacking/tinker_cookbook/utils/trace.py", line 332, in async_wrapper
    return await func(*args, **kwargs)
           ^^^^^^^^^^^^^^^^^^^^^^^^^^^
  File "/Users/user/reward-hacking/tinker-cookbook-reward-hacking/tinker_cookbook/rl/train.py", line 1015, in main
    await training_func(
    ...<10 lines>...
    )
  File "/Users/user/reward-hacking/tinker-cookbook-reward-hacking/tinker_cookbook/utils/trace.py", line 332, in async_wrapper
    return await func(*args, **kwargs)
           ^^^^^^^^^^^^^^^^^^^^^^^^^^^
  File "/Users/user/reward-hacking/tinker-cookbook-reward-hacking/tinker_cookbook/rl/train.py", line 914, in do_sync_training
    trajectory_groups_P = await asyncio.gather(
                          ^^^^^^^^^^^^^^^^^^^^^
    ...<12 lines>...
    )
    ^
  File "/Users/user/reward-hacking/tinker-cookbook-reward-hacking/tinker_cookbook/utils/trace.py", line 332, in async_wrapper
    return await func(*args, **kwargs)
           ^^^^^^^^^^^^^^^^^^^^^^^^^^^
  File "/Users/user/reward-hacking/tinker-cookbook-reward-hacking/tinker_cookbook/rl/train.py", line 595, in do_group_rollout_and_filter_constant_reward
    trajectory_group = await do_group_rollout(env_group_builder, policy)
                       ^^^^^^^^^^^^^^^^^^^^^^^^^^^^^^^^^^^^^^^^^^^^^^^^^
  File "/Users/user/reward-hacking/tinker-cookbook-reward-hacking/tinker_cookbook/utils/logtree.py", line 537, in aw
    return await fn(*args, **kwargs)
           ^^^^^^^^^^^^^^^^^^^^^^^^^
  File "/Users/user/reward-hacking/tinker-cookbook-reward-hacking/tinker_cookbook/rl/rollouts.py", line 42, in do_group_rollout
    trajectories_G = await asyncio.gather(*[do_single_rollout(policy, env) for env in envs_G])
                     ^^^^^^^^^^^^^^^^^^^^^^^^^^^^^^^^^^^^^^^^^^^^^^^^^^^^^^^^^^^^^^^^^^^^^^^^^
  File "/Users/user/reward-hacking/tinker-cookbook-reward-hacking/tinker_cookbook/utils/logtree.py", line 537, in aw
    return await fn(*args, **kwargs)
           ^^^^^^^^^^^^^^^^^^^^^^^^^
  File "/Users/user/reward-hacking/tinker-cookbook-reward-hacking/tinker_cookbook/rl/rollouts.py", line 18, in do_single_rollout
    ob, stop_condition = await env.initial_observation()
                         ^^^^^^^^^^^^^^^^^^^^^^^^^^^^^^^
  File "/Users/user/reward-hacking/tinker-cookbook-reward-hacking/tinker_cookbook/rl/envs/inspect.py", line 227, in initial_observation
    observation = await self.inspect_llm_wrapper.next_prompt_or_final_step_result(
                  ^^^^^^^^^^^^^^^^^^^^^^^^^^^^^^^^^^^^^^^^^^^^^^^^^^^^^^^^^^^^^^^^
        sample_id=self.sample_id
        ^^^^^^^^^^^^^^^^^^^^^^^^
    )
    ^
  File "/Users/user/reward-hacking/tinker-cookbook-reward-hacking/tinker_cookbook/rl/envs/inspect.py", line 136, in next_prompt_or_final_step_result
    return await self.prompt_or_final_step_result_queues[sample_id].get()
           ^^^^^^^^^^^^^^^^^^^^^^^^^^^^^^^^^^^^^^^^^^^^^^^^^^^^^^^^^^^^^^
  File "/Users/user/.local/share/uv/python/cpython-3.13.7-macos-aarch64-none/lib/python3.13/asyncio/queues.py", line 186, in get
    await getter
asyncio.exceptions.CancelledError

During handling of the above exception, another exception occurred:

Traceback (most recent call last):
  File "/Users/user/.local/share/uv/python/cpython-3.13.7-macos-aarch64-none/lib/python3.13/asyncio/runners.py", line 195, in run
    return runner.run(main)
           ~~~~~~~~~~^^^^^^
  File "/Users/user/.local/share/uv/python/cpython-3.13.7-macos-aarch64-none/lib/python3.13/asyncio/runners.py", line 123, in run
    raise KeyboardInterrupt()
KeyboardInterrupt

During handling of the above exception, another exception occurred:

Traceback (most recent call last):
  File "/Users/user/reward-hacking/tinker-cookbook-reward-hacking/tinker_cookbook/rl/envs/inspect.py", line 350, in run_eval
    for sample_id, reward, metric in zip(sample_ids, rewards, metrics, strict=True):
                                     ~~~^^^^^^^^^^^^^^^^^^^^^^^^^^^^^^^^^^^^^^^^^^^
ValueError: zip() argument 2 is shorter than argument 1
tinker_cookbook.utils.ml_log:475 [INFO] Logging to: tmp/tinker-runs/bash_codeforces
tinker_cookbook.checkpoint_utils:22 [INFO] Reading checkpoints from tmp/tinker-runs/bash_codeforces/checkpoints.jsonl
tinker_cookbook.checkpoint_utils:48 [INFO] No checkpoints found with key state_path in tmp/tinker-runs/bash_codeforces/
tinker.lib.public_interfaces.service_client:66 [INFO] ServiceClient initialized for session d8a96da7-1068-56bc-ac03-f786e8423687
tinker.lib.public_interfaces.service_client:144 [INFO] Creating TrainingClient for model_id='d8a96da7-1068-56bc-ac03-f786e8423687:train:0'
tinker_cookbook.rl.train:1006 [INFO] Will train on 2197 batches
tinker_cookbook.utils.misc_utils:20 [INFO] Starting save_checkpoint
tinker_cookbook.checkpoint_utils:75 [INFO] Saved checkpoints: {'sampler_path': 'tinker://d8a96da7-1068-56bc-ac03-f786e8423687:train:0/sampler_weights/000000'}
tinker_cookbook.utils.misc_utils:23 [INFO] save_checkpoint took 11.39 seconds
tinker_cookbook.utils.misc_utils:20 [INFO] Starting sample
tinker_cookbook.utils.ml_log:475 [INFO] Logging to: tmp/tinker-runs/bash_codeforces
tinker_cookbook.checkpoint_utils:22 [INFO] Reading checkpoints from tmp/tinker-runs/bash_codeforces/checkpoints.jsonl
tinker_cookbook.checkpoint_utils:48 [INFO] No checkpoints found with key state_path in tmp/tinker-runs/bash_codeforces/
tinker.lib.public_interfaces.service_client:66 [INFO] ServiceClient initialized for session 471386d6-c9d6-5b9f-8cb0-3506c60e624c
tinker.lib.public_interfaces.service_client:144 [INFO] Creating TrainingClient for model_id='471386d6-c9d6-5b9f-8cb0-3506c60e624c:train:0'
tinker_cookbook.rl.train:1006 [INFO] Will train on 2197 batches
tinker_cookbook.utils.misc_utils:20 [INFO] Starting save_checkpoint
tinker_cookbook.checkpoint_utils:75 [INFO] Saved checkpoints: {'sampler_path': 'tinker://471386d6-c9d6-5b9f-8cb0-3506c60e624c:train:0/sampler_weights/000000'}
tinker_cookbook.utils.misc_utils:23 [INFO] save_checkpoint took 11.90 seconds
tinker_cookbook.utils.misc_utils:20 [INFO] Starting sample
asyncio:1879 [ERROR] unhandled exception during asyncio.run() shutdown
task: <Task finished name='Task-195' coro=<InspectRLDataset.get_batch.<locals>.run_eval() done, defined at /Users/user/reward-hacking/tinker-cookbook-reward-hacking/tinker_cookbook/rl/envs/inspect.py:330> exception=ValueError('zip() argument 2 is shorter than argument 1')>
Traceback (most recent call last):
  File "/Users/user/.local/share/uv/python/cpython-3.13.7-macos-aarch64-none/lib/python3.13/asyncio/runners.py", line 118, in run
    return self._loop.run_until_complete(task)
           ~~~~~~~~~~~~~~~~~~~~~~~~~~~~~^^^^^^
  File "/Users/user/.local/share/uv/python/cpython-3.13.7-macos-aarch64-none/lib/python3.13/asyncio/base_events.py", line 725, in run_until_complete
    return future.result()
           ~~~~~~~~~~~~~^^
  File "/Users/user/reward-hacking/tinker-cookbook-reward-hacking/tinker_cookbook/rl/envs/inspect/bash_codeforces.py", line 404, in main
    await train.main(config)
  File "/Users/user/reward-hacking/tinker-cookbook-reward-hacking/tinker_cookbook/utils/trace.py", line 332, in async_wrapper
    return await func(*args, **kwargs)
           ^^^^^^^^^^^^^^^^^^^^^^^^^^^
  File "/Users/user/reward-hacking/tinker-cookbook-reward-hacking/tinker_cookbook/rl/train.py", line 1015, in main
    await training_func(
    ...<10 lines>...
    )
  File "/Users/user/reward-hacking/tinker-cookbook-reward-hacking/tinker_cookbook/utils/trace.py", line 332, in async_wrapper
    return await func(*args, **kwargs)
           ^^^^^^^^^^^^^^^^^^^^^^^^^^^
  File "/Users/user/reward-hacking/tinker-cookbook-reward-hacking/tinker_cookbook/rl/train.py", line 914, in do_sync_training
    trajectory_groups_P = await asyncio.gather(
                          ^^^^^^^^^^^^^^^^^^^^^
    ...<12 lines>...
    )
    ^
  File "/Users/user/reward-hacking/tinker-cookbook-reward-hacking/tinker_cookbook/utils/trace.py", line 332, in async_wrapper
    return await func(*args, **kwargs)
           ^^^^^^^^^^^^^^^^^^^^^^^^^^^
  File "/Users/user/reward-hacking/tinker-cookbook-reward-hacking/tinker_cookbook/rl/train.py", line 595, in do_group_rollout_and_filter_constant_reward
    trajectory_group = await do_group_rollout(env_group_builder, policy)
                       ^^^^^^^^^^^^^^^^^^^^^^^^^^^^^^^^^^^^^^^^^^^^^^^^^
  File "/Users/user/reward-hacking/tinker-cookbook-reward-hacking/tinker_cookbook/utils/logtree.py", line 537, in aw
    return await fn(*args, **kwargs)
           ^^^^^^^^^^^^^^^^^^^^^^^^^
  File "/Users/user/reward-hacking/tinker-cookbook-reward-hacking/tinker_cookbook/rl/rollouts.py", line 42, in do_group_rollout
    trajectories_G = await asyncio.gather(*[do_single_rollout(policy, env) for env in envs_G])
                     ^^^^^^^^^^^^^^^^^^^^^^^^^^^^^^^^^^^^^^^^^^^^^^^^^^^^^^^^^^^^^^^^^^^^^^^^^
  File "/Users/user/reward-hacking/tinker-cookbook-reward-hacking/tinker_cookbook/utils/logtree.py", line 537, in aw
    return await fn(*args, **kwargs)
           ^^^^^^^^^^^^^^^^^^^^^^^^^
  File "/Users/user/reward-hacking/tinker-cookbook-reward-hacking/tinker_cookbook/rl/rollouts.py", line 21, in do_single_rollout
    step_result = await env.step(ac_with_logprobs.tokens)
                  ^^^^^^^^^^^^^^^^^^^^^^^^^^^^^^^^^^^^^^^
  File "/Users/user/reward-hacking/tinker-cookbook-reward-hacking/tinker_cookbook/rl/envs/inspect.py", line 251, in step
    await self.inspect_llm_wrapper.next_prompt_or_final_step_result(
        sample_id=self.sample_id
    )
  File "/Users/user/reward-hacking/tinker-cookbook-reward-hacking/tinker_cookbook/rl/envs/inspect.py", line 136, in next_prompt_or_final_step_result
    return await self.prompt_or_final_step_result_queues[sample_id].get()
           ^^^^^^^^^^^^^^^^^^^^^^^^^^^^^^^^^^^^^^^^^^^^^^^^^^^^^^^^^^^^^^
  File "/Users/user/.local/share/uv/python/cpython-3.13.7-macos-aarch64-none/lib/python3.13/asyncio/queues.py", line 186, in get
    await getter
asyncio.exceptions.CancelledError

During handling of the above exception, another exception occurred:

Traceback (most recent call last):
  File "/Users/user/.local/share/uv/python/cpython-3.13.7-macos-aarch64-none/lib/python3.13/asyncio/runners.py", line 195, in run
    return runner.run(main)
           ~~~~~~~~~~^^^^^^
  File "/Users/user/.local/share/uv/python/cpython-3.13.7-macos-aarch64-none/lib/python3.13/asyncio/runners.py", line 123, in run
    raise KeyboardInterrupt()
KeyboardInterrupt

During handling of the above exception, another exception occurred:

Traceback (most recent call last):
  File "/Users/user/reward-hacking/tinker-cookbook-reward-hacking/tinker_cookbook/rl/envs/inspect.py", line 350, in run_eval
    for sample_id, reward, metric in zip(sample_ids, rewards, metrics, strict=True):
                                     ~~~^^^^^^^^^^^^^^^^^^^^^^^^^^^^^^^^^^^^^^^^^^^
ValueError: zip() argument 2 is shorter than argument 1
tinker_cookbook.utils.ml_log:475 [INFO] Logging to: tmp/tinker-runs/bash_codeforces
tinker_cookbook.checkpoint_utils:22 [INFO] Reading checkpoints from tmp/tinker-runs/bash_codeforces/checkpoints.jsonl
tinker_cookbook.checkpoint_utils:48 [INFO] No checkpoints found with key state_path in tmp/tinker-runs/bash_codeforces/
tinker.lib.public_interfaces.service_client:66 [INFO] ServiceClient initialized for session 30d5e6ac-bce6-52fb-be43-1558a49fcc3a
tinker.lib.public_interfaces.service_client:144 [INFO] Creating TrainingClient for model_id='30d5e6ac-bce6-52fb-be43-1558a49fcc3a:train:0'
tinker_cookbook.rl.train:1006 [INFO] Will train on 2197 batches
tinker_cookbook.utils.misc_utils:20 [INFO] Starting save_checkpoint
tinker_cookbook.checkpoint_utils:75 [INFO] Saved checkpoints: {'sampler_path': 'tinker://30d5e6ac-bce6-52fb-be43-1558a49fcc3a:train:0/sampler_weights/000000'}
tinker_cookbook.utils.misc_utils:23 [INFO] save_checkpoint took 12.21 seconds
tinker_cookbook.utils.misc_utils:20 [INFO] Starting sample
