tinker_cookbook.utils.ml_log:475 [[92mINFO[0m] Logging to: tmp/tinker-runs/bash_codeforces
tinker_cookbook.checkpoint_utils:22 [[92mINFO[0m] Reading checkpoints from tmp/tinker-runs/bash_codeforces/checkpoints.jsonl
tinker_cookbook.checkpoint_utils:48 [[92mINFO[0m] No checkpoints found with key state_path in tmp/tinker-runs/bash_codeforces/
tinker.lib.public_interfaces.service_client:66 [[92mINFO[0m] ServiceClient initialized for session 355a8b03-d940-5727-8997-61a957f0bb8e
tinker.lib.public_interfaces.service_client:144 [[92mINFO[0m] Creating TrainingClient for model_id='355a8b03-d940-5727-8997-61a957f0bb8e:train:0'
len(dataset)=245
len(self.env_group_builders_P)=31360
tinker_cookbook.rl.train:1006 [[92mINFO[0m] Will train on 2197 batches
tinker_cookbook.utils.misc_utils:20 [[92mINFO[0m] Starting save_checkpoint
tinker_cookbook.checkpoint_utils:75 [[92mINFO[0m] Saved checkpoints: {'sampler_path': 'tinker://355a8b03-d940-5727-8997-61a957f0bb8e:train:0/sampler_weights/000000'}
tinker_cookbook.utils.misc_utils:23 [[92mINFO[0m] save_checkpoint took 11.92 seconds
tinker_cookbook.utils.misc_utils:20 [[92mINFO[0m] Starting sample
asyncio:1879 [[91mERROR[0m] Task exception was never retrieved
future: <Task finished name='Task-1091' coro=<InspectRLDataset.get_batch.<locals>.run_eval() done, defined at /Users/user/reward-hacking/tinker-cookbook-reward-hacking/tinker_cookbook/rl/envs/inspect.py:330> exception=PrerequisiteError('Failed to build docker containers')>
  + Exception Group Traceback (most recent call last):
  |   File "/Users/user/reward-hacking/tinker-cookbook-reward-hacking/.venv/lib/python3.13/site-packages/inspect_ai/_eval/eval.py", line 450, in eval_async
  |     async with anyio.create_task_group() as tg:
  |                ~~~~~~~~~~~~~~~~~~~~~~~^^
  |   File "/Users/user/reward-hacking/tinker-cookbook-reward-hacking/.venv/lib/python3.13/site-packages/anyio/_backends/_asyncio.py", line 781, in __aexit__
  |     raise BaseExceptionGroup(
  |         "unhandled errors in a TaskGroup", self._exceptions
  |     ) from None
  | ExceptionGroup: unhandled errors in a TaskGroup (1 sub-exception)
  +-+---------------- 1 ----------------
    | Traceback (most recent call last):
    |   File "/Users/user/reward-hacking/tinker-cookbook-reward-hacking/tinker_cookbook/rl/envs/inspect.py", line 334, in run_eval
    |     eval_logs: list[EvalLog] = await eval_async(
    |                                ^^^^^^^^^^^^^^^^^
    |     ...<8 lines>...
    |     )
    |     ^
    |   File "/Users/user/reward-hacking/tinker-cookbook-reward-hacking/.venv/lib/python3.13/site-packages/inspect_ai/_eval/eval.py", line 453, in eval_async
    |     raise inner_exception(ex)
    |   File "/Users/user/reward-hacking/tinker-cookbook-reward-hacking/.venv/lib/python3.13/site-packages/inspect_ai/_eval/eval.py", line 400, in run
    |     result = await _eval_async_inner(
    |              ^^^^^^^^^^^^^^^^^^^^^^^^
    |     ...<44 lines>...
    |     )
    |     ^
    |   File "/Users/user/reward-hacking/tinker-cookbook-reward-hacking/.venv/lib/python3.13/site-packages/inspect_ai/_eval/eval.py", line 732, in _eval_async_inner
    |     raise e
    |   File "/Users/user/reward-hacking/tinker-cookbook-reward-hacking/.venv/lib/python3.13/site-packages/inspect_ai/_eval/eval.py", line 673, in _eval_async_inner
    |     await eval_run(
    |     ...<16 lines>...
    |     )
    |   File "/Users/user/reward-hacking/tinker-cookbook-reward-hacking/.venv/lib/python3.13/site-packages/inspect_ai/_eval/run.py", line 101, in eval_run
    |     shutdown_sandbox_environments = await startup_sandbox_environments(
    |                                     ^^^^^^^^^^^^^^^^^^^^^^^^^^^^^^^^^^^
    |         resolve_sandbox_environment(eval_sandbox), tasks, eval_config, cleanup
    |         ^^^^^^^^^^^^^^^^^^^^^^^^^^^^^^^^^^^^^^^^^^^^^^^^^^^^^^^^^^^^^^^^^^^^^^
    |     )
    |     ^
    |   File "/Users/user/reward-hacking/tinker-cookbook-reward-hacking/.venv/lib/python3.13/site-packages/inspect_ai/_eval/run.py", line 525, in startup_sandbox_environments
    |     await task_init("startup", sandboxenv.sandbox.config)
    |   File "/Users/user/reward-hacking/tinker-cookbook-reward-hacking/.venv/lib/python3.13/site-packages/inspect_ai/util/_sandbox/docker/docker.py", line 123, in task_init
    |     raise ex
    |   File "/Users/user/reward-hacking/tinker-cookbook-reward-hacking/.venv/lib/python3.13/site-packages/inspect_ai/util/_sandbox/docker/docker.py", line 87, in task_init
    |     await compose_build(project)
    |   File "/Users/user/reward-hacking/tinker-cookbook-reward-hacking/.venv/lib/python3.13/site-packages/inspect_ai/util/_sandbox/docker/compose.py", line 170, in compose_build
    |     raise PrerequisiteError(msg)
    | inspect_ai._util.error.PrerequisiteError: Failed to build docker containers
    +------------------------------------

During handling of the above exception, another exception occurred:

Traceback (most recent call last):
  File "/Users/user/reward-hacking/tinker-cookbook-reward-hacking/tinker_cookbook/rl/envs/inspect.py", line 334, in run_eval
    eval_logs: list[EvalLog] = await eval_async(
                               ^^^^^^^^^^^^^^^^^
    ...<8 lines>...
    )
    ^
  File "/Users/user/reward-hacking/tinker-cookbook-reward-hacking/.venv/lib/python3.13/site-packages/inspect_ai/_eval/eval.py", line 453, in eval_async
    raise inner_exception(ex)
  File "/Users/user/reward-hacking/tinker-cookbook-reward-hacking/.venv/lib/python3.13/site-packages/inspect_ai/_eval/eval.py", line 400, in run
    result = await _eval_async_inner(
             ^^^^^^^^^^^^^^^^^^^^^^^^
    ...<44 lines>...
    )
    ^
  File "/Users/user/reward-hacking/tinker-cookbook-reward-hacking/.venv/lib/python3.13/site-packages/inspect_ai/_eval/eval.py", line 732, in _eval_async_inner
    raise e
  File "/Users/user/reward-hacking/tinker-cookbook-reward-hacking/.venv/lib/python3.13/site-packages/inspect_ai/_eval/eval.py", line 673, in _eval_async_inner
    await eval_run(
    ...<16 lines>...
    )
  File "/Users/user/reward-hacking/tinker-cookbook-reward-hacking/.venv/lib/python3.13/site-packages/inspect_ai/_eval/run.py", line 101, in eval_run
    shutdown_sandbox_environments = await startup_sandbox_environments(
                                    ^^^^^^^^^^^^^^^^^^^^^^^^^^^^^^^^^^^
        resolve_sandbox_environment(eval_sandbox), tasks, eval_config, cleanup
        ^^^^^^^^^^^^^^^^^^^^^^^^^^^^^^^^^^^^^^^^^^^^^^^^^^^^^^^^^^^^^^^^^^^^^^
    )
    ^
  File "/Users/user/reward-hacking/tinker-cookbook-reward-hacking/.venv/lib/python3.13/site-packages/inspect_ai/_eval/run.py", line 525, in startup_sandbox_environments
    await task_init("startup", sandboxenv.sandbox.config)
  File "/Users/user/reward-hacking/tinker-cookbook-reward-hacking/.venv/lib/python3.13/site-packages/inspect_ai/util/_sandbox/docker/docker.py", line 123, in task_init
    raise ex
  File "/Users/user/reward-hacking/tinker-cookbook-reward-hacking/.venv/lib/python3.13/site-packages/inspect_ai/util/_sandbox/docker/docker.py", line 87, in task_init
    await compose_build(project)
  File "/Users/user/reward-hacking/tinker-cookbook-reward-hacking/.venv/lib/python3.13/site-packages/inspect_ai/util/_sandbox/docker/compose.py", line 170, in compose_build
    raise PrerequisiteError(msg)
inspect_ai._util.error.PrerequisiteError: Failed to build docker containers
[12/05/25 14:47:27] ERROR    Task exception was never retrieved   base_events.py:1879
                             future: <Task finished
                             name='Task-1091'
                             coro=<InspectRLDataset.get_batch.<lo
                             cals>.run_eval() done, defined at
                             /Users/user/reward-hacking/tinker-co
                             okbook-reward-hacking/tinker_cookboo
                             k/rl/envs/inspect.py:330>
                             exception=PrerequisiteError('Failed
                             to build docker containers')>
                               + Exception Group Traceback (most
                             recent call last):
                               |   File
                             "/Users/user/reward-hacking/tinker-c
                             ookbook-reward-hacking/.venv/lib/pyt
                             hon3.13/site-packages/inspect_ai/_ev
                             al/eval.py", line 450, in eval_async
                               |     async with
                             anyio.create_task_group() as tg:
                               |
                             ~~~~~~~~~~~~~~~~~~~~~~~^^
                               |   File
                             "/Users/user/reward-hacking/tinker-c
                             ookbook-reward-hacking/.venv/lib/pyt
                             hon3.13/site-packages/anyio/_backend
                             s/_asyncio.py", line 781, in
                             __aexit__
                               |     raise BaseExceptionGroup(
                               |         "unhandled errors in a
                             TaskGroup", self._exceptions
                               |     ) from None
                               | ExceptionGroup: unhandled errors
                             in a TaskGroup (1 sub-exception)
                               +-+---------------- 1
                             ----------------
                                 | Traceback (most recent call
                             last):
                                 |   File
                             "/Users/user/reward-hacking/tinker-c
                             ookbook-reward-hacking/tinker_cookbo
                             ok/rl/envs/inspect.py", line 334, in
                             run_eval
                                 |     eval_logs: list[EvalLog] =
                             await eval_async(
                                 |
                             ^^^^^^^^^^^^^^^^^
                                 |     ...<8 lines>...
                                 |     )
                                 |     ^
                                 |   File
                             "/Users/user/reward-hacking/tinker-c
                             ookbook-reward-hacking/.venv/lib/pyt
                             hon3.13/site-packages/inspect_ai/_ev
                             al/eval.py", line 453, in eval_async
                                 |     raise inner_exception(ex)
                                 |   File
                             "/Users/user/reward-hacking/tinker-c
                             ookbook-reward-hacking/.venv/lib/pyt
                             hon3.13/site-packages/inspect_ai/_ev
                             al/eval.py", line 400, in run
                                 |     result = await
                             _eval_async_inner(
                                 |
                             ^^^^^^^^^^^^^^^^^^^^^^^^
                                 |     ...<44 lines>...
                                 |     )
                                 |     ^
                                 |   File
                             "/Users/user/reward-hacking/tinker-c
                             ookbook-reward-hacking/.venv/lib/pyt
                             hon3.13/site-packages/inspect_ai/_ev
                             al/eval.py", line 732, in
                             _eval_async_inner
                                 |     raise e
                                 |   File
                             "/Users/user/reward-hacking/tinker-c
                             ookbook-reward-hacking/.venv/lib/pyt
                             hon3.13/site-packages/inspect_ai/_ev
                             al/eval.py", line 673, in
                             _eval_async_inner
                                 |     await eval_run(
                                 |     ...<16 lines>...
                                 |     )
                                 |   File
                             "/Users/user/reward-hacking/tinker-c
                             ookbook-reward-hacking/.venv/lib/pyt
                             hon3.13/site-packages/inspect_ai/_ev
                             al/run.py", line 101, in eval_run
                                 |
                             shutdown_sandbox_environments =
                             await startup_sandbox_environments(
                                 |
                             ^^^^^^^^^^^^^^^^^^^^^^^^^^^^^^^^^^^
                                 |
                             resolve_sandbox_environment(eval_san
                             dbox), tasks, eval_config, cleanup
                                 |
                             ^^^^^^^^^^^^^^^^^^^^^^^^^^^^^^^^^^^^
                             ^^^^^^^^^^^^^^^^^^^^^^^^^^^^^^^^^^
                                 |     )
                                 |     ^
                                 |   File
                             "/Users/user/reward-hacking/tinker-c
                             ookbook-reward-hacking/.venv/lib/pyt
                             hon3.13/site-packages/inspect_ai/_ev
                             al/run.py", line 525, in
                             startup_sandbox_environments
                                 |     await task_init("startup",
                             sandboxenv.sandbox.config)
                                 |   File
                             "/Users/user/reward-hacking/tinker-c
                             ookbook-reward-hacking/.venv/lib/pyt
                             hon3.13/site-packages/inspect_ai/uti
                             l/_sandbox/docker/docker.py", line
                             123, in task_init
                                 |     raise ex
                                 |   File
                             "/Users/user/reward-hacking/tinker-c
                             ookbook-reward-hacking/.venv/lib/pyt
                             hon3.13/site-packages/inspect_ai/uti
                             l/_sandbox/docker/docker.py", line
                             87, in task_init
                                 |     await
                             compose_build(project)
                                 |   File
                             "/Users/user/reward-hacking/tinker-c
                             ookbook-reward-hacking/.venv/lib/pyt
                             hon3.13/site-packages/inspect_ai/uti
                             l/_sandbox/docker/compose.py", line
                             170, in compose_build
                                 |     raise
                             PrerequisiteError(msg)
                                 |
                             inspect_ai._util.error.PrerequisiteE
                             rror: Failed to build docker
                             containers
                                 +-------------------------------
                             -----

                             During handling of the above
                             exception, another exception
                             occurred:

                             Traceback (most recent call last):
                               File
                             "/Users/user/reward-hacking/tinker-c
                             ookbook-reward-hacking/tinker_cookbo
                             ok/rl/envs/inspect.py", line 334, in
                             run_eval
                                 eval_logs: list[EvalLog] = await
                             eval_async(
                                                            ^^^^^
                             ^^^^^^^^^^^^
                                 ...<8 lines>...
                                 )
                                 ^
                               File
                             "/Users/user/reward-hacking/tinker-c
                             ookbook-reward-hacking/.venv/lib/pyt
                             hon3.13/site-packages/inspect_ai/_ev
                             al/eval.py", line 453, in eval_async
                                 raise inner_exception(ex)
                               File
                             "/Users/user/reward-hacking/tinker-c
                             ookbook-reward-hacking/.venv/lib/pyt
                             hon3.13/site-packages/inspect_ai/_ev
                             al/eval.py", line 400, in run
                                 result = await
                             _eval_async_inner(
                                          ^^^^^^^^^^^^^^^^^^^^^^^
                             ^
                                 ...<44 lines>...
                                 )
                                 ^
                               File
                             "/Users/user/reward-hacking/tinker-c
                             ookbook-reward-hacking/.venv/lib/pyt
                             hon3.13/site-packages/inspect_ai/_ev
                             al/eval.py", line 732, in
                             _eval_async_inner
                                 raise e
                               File
                             "/Users/user/reward-hacking/tinker-c
                             ookbook-reward-hacking/.venv/lib/pyt
                             hon3.13/site-packages/inspect_ai/_ev
                             al/eval.py", line 673, in
                             _eval_async_inner
                                 await eval_run(
                                 ...<16 lines>...
                                 )
                               File
                             "/Users/user/reward-hacking/tinker-c
                             ookbook-reward-hacking/.venv/lib/pyt
                             hon3.13/site-packages/inspect_ai/_ev
                             al/run.py", line 101, in eval_run
                                 shutdown_sandbox_environments =
                             await startup_sandbox_environments(

                             ^^^^^^^^^^^^^^^^^^^^^^^^^^^^^^^^^^^
                                     resolve_sandbox_environment(
                             eval_sandbox), tasks, eval_config,
                             cleanup
                                     ^^^^^^^^^^^^^^^^^^^^^^^^^^^^
                             ^^^^^^^^^^^^^^^^^^^^^^^^^^^^^^^^^^^^
                             ^^^^^^
                                 )
                                 ^
                               File
                             "/Users/user/reward-hacking/tinker-c
                             ookbook-reward-hacking/.venv/lib/pyt
                             hon3.13/site-packages/inspect_ai/_ev
                             al/run.py", line 525, in
                             startup_sandbox_environments
                                 await task_init("startup",
                             sandboxenv.sandbox.config)
                               File
                             "/Users/user/reward-hacking/tinker-c
                             ookbook-reward-hacking/.venv/lib/pyt
                             hon3.13/site-packages/inspect_ai/uti
                             l/_sandbox/docker/docker.py", line
                             123, in task_init
                                 raise ex
                               File
                             "/Users/user/reward-hacking/tinker-c
                             ookbook-reward-hacking/.venv/lib/pyt
                             hon3.13/site-packages/inspect_ai/uti
                             l/_sandbox/docker/docker.py", line
                             87, in task_init
                                 await compose_build(project)
                               File
                             "/Users/user/reward-hacking/tinker-c
                             ookbook-reward-hacking/.venv/lib/pyt
                             hon3.13/site-packages/inspect_ai/uti
                             l/_sandbox/docker/compose.py", line
                             170, in compose_build
                                 raise PrerequisiteError(msg)
                             inspect_ai._util.error.PrerequisiteE
                             rror: Failed to build docker
                             containers
Traceback (most recent call last):
  File "/Users/user/.local/share/uv/python/cpython-3.13.7-macos-aarch64-none/lib/python3.13/asyncio/runners.py", line 118, in run
    return self._loop.run_until_complete(task)
           ~~~~~~~~~~~~~~~~~~~~~~~~~~~~~^^^^^^
  File "/Users/user/.local/share/uv/python/cpython-3.13.7-macos-aarch64-none/lib/python3.13/asyncio/base_events.py", line 725, in run_until_complete
    return future.result()
           ~~~~~~~~~~~~~^^
  File "/Users/user/reward-hacking/tinker-cookbook-reward-hacking/tinker_cookbook/rl/envs/inspect/bash_codeforces.py", line 404, in main
    await train.main(config)
  File "/Users/user/reward-hacking/tinker-cookbook-reward-hacking/tinker_cookbook/utils/trace.py", line 332, in async_wrapper
    return await func(*args, **kwargs)
           ^^^^^^^^^^^^^^^^^^^^^^^^^^^
  File "/Users/user/reward-hacking/tinker-cookbook-reward-hacking/tinker_cookbook/rl/train.py", line 1015, in main
    await training_func(
    ...<10 lines>...
    )
  File "/Users/user/reward-hacking/tinker-cookbook-reward-hacking/tinker_cookbook/utils/trace.py", line 332, in async_wrapper
    return await func(*args, **kwargs)
           ^^^^^^^^^^^^^^^^^^^^^^^^^^^
  File "/Users/user/reward-hacking/tinker-cookbook-reward-hacking/tinker_cookbook/rl/train.py", line 914, in do_sync_training
    trajectory_groups_P = await asyncio.gather(
                          ^^^^^^^^^^^^^^^^^^^^^
    ...<12 lines>...
    )
    ^
  File "/Users/user/reward-hacking/tinker-cookbook-reward-hacking/tinker_cookbook/utils/trace.py", line 332, in async_wrapper
    return await func(*args, **kwargs)
           ^^^^^^^^^^^^^^^^^^^^^^^^^^^
  File "/Users/user/reward-hacking/tinker-cookbook-reward-hacking/tinker_cookbook/rl/train.py", line 595, in do_group_rollout_and_filter_constant_reward
    trajectory_group = await do_group_rollout(env_group_builder, policy)
                       ^^^^^^^^^^^^^^^^^^^^^^^^^^^^^^^^^^^^^^^^^^^^^^^^^
  File "/Users/user/reward-hacking/tinker-cookbook-reward-hacking/tinker_cookbook/utils/logtree.py", line 537, in aw
    return await fn(*args, **kwargs)
           ^^^^^^^^^^^^^^^^^^^^^^^^^
  File "/Users/user/reward-hacking/tinker-cookbook-reward-hacking/tinker_cookbook/rl/rollouts.py", line 42, in do_group_rollout
    trajectories_G = await asyncio.gather(*[do_single_rollout(policy, env) for env in envs_G])
                     ^^^^^^^^^^^^^^^^^^^^^^^^^^^^^^^^^^^^^^^^^^^^^^^^^^^^^^^^^^^^^^^^^^^^^^^^^
  File "/Users/user/reward-hacking/tinker-cookbook-reward-hacking/tinker_cookbook/utils/logtree.py", line 537, in aw
    return await fn(*args, **kwargs)
           ^^^^^^^^^^^^^^^^^^^^^^^^^
  File "/Users/user/reward-hacking/tinker-cookbook-reward-hacking/tinker_cookbook/rl/rollouts.py", line 18, in do_single_rollout
    ob, stop_condition = await env.initial_observation()
                         ^^^^^^^^^^^^^^^^^^^^^^^^^^^^^^^
  File "/Users/user/reward-hacking/tinker-cookbook-reward-hacking/tinker_cookbook/rl/envs/inspect.py", line 227, in initial_observation
    observation = await self.inspect_llm_wrapper.next_prompt_or_final_step_result(
                  ^^^^^^^^^^^^^^^^^^^^^^^^^^^^^^^^^^^^^^^^^^^^^^^^^^^^^^^^^^^^^^^^
        sample_id=self.sample_id
        ^^^^^^^^^^^^^^^^^^^^^^^^
    )
    ^
  File "/Users/user/reward-hacking/tinker-cookbook-reward-hacking/tinker_cookbook/rl/envs/inspect.py", line 136, in next_prompt_or_final_step_result
    return await self.prompt_or_final_step_result_queues[sample_id].get()
           ^^^^^^^^^^^^^^^^^^^^^^^^^^^^^^^^^^^^^^^^^^^^^^^^^^^^^^^^^^^^^^
  File "/Users/user/.local/share/uv/python/cpython-3.13.7-macos-aarch64-none/lib/python3.13/asyncio/queues.py", line 186, in get
    await getter
asyncio.exceptions.CancelledError

During handling of the above exception, another exception occurred:

Traceback (most recent call last):
  File "/Users/user/reward-hacking/tinker-cookbook-reward-hacking/tinker_cookbook/rl/envs/inspect/bash_codeforces.py", line 408, in <module>
    asyncio.run(main())
    ~~~~~~~~~~~^^^^^^^^
  File "/Users/user/.local/share/uv/python/cpython-3.13.7-macos-aarch64-none/lib/python3.13/asyncio/runners.py", line 195, in run
    return runner.run(main)
           ~~~~~~~~~~^^^^^^
  File "/Users/user/.local/share/uv/python/cpython-3.13.7-macos-aarch64-none/lib/python3.13/asyncio/runners.py", line 123, in run
    raise KeyboardInterrupt()
KeyboardInterrupt
