tinker_cookbook.utils.ml_log:475 [[92mINFO[0m] Logging to: tmp/tinker-runs/bash_codeforces
tinker_cookbook.checkpoint_utils:19 [[92mINFO[0m] No checkpoints found at tmp/tinker-runs/bash_codeforces/checkpoints.jsonl
tinker_cookbook.checkpoint_utils:48 [[92mINFO[0m] No checkpoints found with key state_path in tmp/tinker-runs/bash_codeforces/
tinker.lib.public_interfaces.service_client:66 [[92mINFO[0m] ServiceClient initialized for session cfe049fa-4efe-561c-971f-f89d65e7faf3
tinker.lib.public_interfaces.service_client:144 [[92mINFO[0m] Creating TrainingClient for model_id='cfe049fa-4efe-561c-971f-f89d65e7faf3:train:0'
len(dataset)=797
len(self.env_group_builders_P)=1594
tinker_cookbook.rl.train:1006 [[92mINFO[0m] Will train on 7164 batches
tinker_cookbook.utils.misc_utils:20 [[92mINFO[0m] Starting save_checkpoint
n_pending_completions=0 n_pending_steps=0
n_pending_completions=0 n_pending_steps=0
tinker_cookbook.checkpoint_utils:75 [[92mINFO[0m] Saved checkpoints: {'sampler_path': 'tinker://cfe049fa-4efe-561c-971f-f89d65e7faf3:train:0/sampler_weights/000000'}
tinker_cookbook.utils.misc_utils:23 [[92mINFO[0m] save_checkpoint took 11.51 seconds
tinker_cookbook.utils.misc_utils:20 [[92mINFO[0m] Starting sample
initial observation 0
starting lazy
started eval 0
initial observation 1
started eval 1
initial observation 2
started eval 2
initial observation 3
started eval 3
starting eval

---------------------------------------------------------
bash_codeforces (4 samples): tinker-sampling/openai/gpt-oss-20b
max_retries: 0, max_connections: 999999, max_sandboxes: 999999, dataset: (samples)
---------------------------------------------------------

n_pending_completions=0 n_pending_steps=0
starting completion n_pending_completions=1 n_pending_steps=0
starting completion n_pending_completions=2 n_pending_steps=0
starting completion n_pending_completions=3 n_pending_steps=0
starting completion n_pending_completions=4 n_pending_steps=0
n_pending_completions=4 n_pending_steps=0
starting step n_pending_completions=4 n_pending_steps=1
starting step n_pending_completions=3 n_pending_steps=2
starting completion n_pending_completions=3 n_pending_steps=2
finished step n_pending_completions=3 n_pending_steps=1
n_pending_completions=3 n_pending_steps=1
starting completion n_pending_completions=4 n_pending_steps=1
finished step n_pending_completions=4 n_pending_steps=0
starting step n_pending_completions=4 n_pending_steps=1
starting completion n_pending_completions=4 n_pending_steps=1
finished step n_pending_completions=4 n_pending_steps=0
starting step n_pending_completions=4 n_pending_steps=1
starting completion n_pending_completions=4 n_pending_steps=1
finished step n_pending_completions=4 n_pending_steps=0
starting step n_pending_completions=4 n_pending_steps=1
starting step n_pending_completions=3 n_pending_steps=2
starting completion n_pending_completions=3 n_pending_steps=2
finished step n_pending_completions=3 n_pending_steps=1
starting step n_pending_completions=3 n_pending_steps=2
n_pending_completions=2 n_pending_steps=2
starting completion n_pending_completions=3 n_pending_steps=2
finished step n_pending_completions=3 n_pending_steps=1
Steps:   1/4  25% | Samples:   1/  4 | accuracy:  n/a | subprocesses:  0/10, docker:  3/999999, tinker-sampling:  3/999999 | HTTP retries: 0
starting step n_pending_completions=3 n_pending_steps=2
starting completion n_pending_completions=3 n_pending_steps=2
finished step n_pending_completions=3 n_pending_steps=1
starting step n_pending_completions=3 n_pending_steps=2
starting completion n_pending_completions=3 n_pending_steps=2
finished step n_pending_completions=3 n_pending_steps=1
starting step n_pending_completions=3 n_pending_steps=2
starting step n_pending_completions=2 n_pending_steps=3
Steps:   2/4  50% | Samples:   2/  4 | accuracy: 0.00 | subprocesses:  1/10, docker:  2/999999, tinker-sampling:  1/999999 | HTTP retries: 0
starting step n_pending_completions=1 n_pending_steps=4
n_pending_completions=0 n_pending_steps=4
Steps:   4/4 100% | Samples:   4/  4 | accuracy: 0.00 | subprocesses:  0/10, docker:  0/999999, tinker-sampling:  0/999999 | HTTP retries: 0

---------------------------------------------------------
bash_codeforces (4 samples): tinker-sampling/openai/gpt-oss-20b
max_retries: 0, max_connections: 999999, max_sandboxes: 999999, dataset: (samples)

total time:                                     0:00:34
bash_codeforces_scorer
accuracy                0.000
private_test_accuracy   0.000
Log: logs/2025-12-05T14-18-50+00-00_bash-codeforces_kD7BreQcD6D2hLHrDWKM9W.eval
---------------------------------------------------------

{'bash_codeforces_scorer': Score(value=0.0, answer=None, explanation=None, metadata={'public_tests_passed': False, 'private_tests_passed': False, 'public_tests_timed_out': False, 'private_tests_timed_out': False}, history=[])}
{'bash_codeforces_scorer': Score(value=0.0, answer=None, explanation=None, metadata={'public_tests_passed': False, 'private_tests_passed': False, 'public_tests_timed_out': False, 'private_tests_timed_out': False}, history=[])}
{'bash_codeforces_scorer': Score(value=0.0, answer=None, explanation=None, metadata={'public_tests_passed': False, 'private_tests_passed': False, 'public_tests_timed_out': False, 'private_tests_timed_out': False}, history=[])}
{'bash_codeforces_scorer': Score(value=0.0, answer=None, explanation=None, metadata={'public_tests_passed': False, 'private_tests_passed': False, 'public_tests_timed_out': False, 'private_tests_timed_out': False}, history=[])}
asyncio:1879 [[91mERROR[0m] Task exception was never retrieved
future: <Task finished name='Task-76' coro=<InspectRLDataset.get_batch.<locals>.run_eval() done, defined at /Users/user/reward-hacking/tinker-cookbook-reward-hacking/tinker_cookbook/rl/envs/inspect.py:433> exception=AssertionError()>
Traceback (most recent call last):
  File "/Users/user/reward-hacking/tinker-cookbook-reward-hacking/tinker_cookbook/rl/envs/inspect.py", line 452, in run_eval
    for sample_id, reward, metric in zip(sample_ids, rewards, metrics, strict=True):
                           ^^^^^^^^^^^^^^^^^^^^^^^^^^^^^^^^^^^^^^^^^^^^
  File "/Users/user/reward-hacking/tinker-cookbook-reward-hacking/tinker_cookbook/rl/envs/inspect/bash_codeforces.py", line 379, in get_rewards
    assert False
           ^^^^^
AssertionError
[12/05/25 14:19:24] ERROR    Task exception was never retrieved   base_events.py:1879
                             future: <Task finished
                             name='Task-76'
                             coro=<InspectRLDataset.get_batch.<lo
                             cals>.run_eval() done, defined at
                             /Users/user/reward-hacking/tinker-co
                             okbook-reward-hacking/tinker_cookboo
                             k/rl/envs/inspect.py:433>
                             exception=AssertionError()>
                             Traceback (most recent call last):
                               File
                             "/Users/user/reward-hacking/tinker-c
                             ookbook-reward-hacking/tinker_cookbo
                             ok/rl/envs/inspect.py", line 452, in
                             run_eval
                                 for sample_id, reward, metric in
                             zip(sample_ids, rewards, metrics,
                             strict=True):
                                                        ^^^^^^^^^
                             ^^^^^^^^^^^^^^^^^^^^^^^^^^^^^^^^^^^
                               File
                             "/Users/user/reward-hacking/tinker-c
                             ookbook-reward-hacking/tinker_cookbo
                             ok/rl/envs/inspect/bash_codeforces.p
                             y", line 379, in get_rewards
                                 assert False
                                        ^^^^^
                             AssertionError
n_pending_completions=0 n_pending_steps=4
n_pending_completions=0 n_pending_steps=4
n_pending_completions=0 n_pending_steps=4
n_pending_completions=0 n_pending_steps=4
n_pending_completions=0 n_pending_steps=4
n_pending_completions=0 n_pending_steps=4
n_pending_completions=0 n_pending_steps=4
n_pending_completions=0 n_pending_steps=4
n_pending_completions=0 n_pending_steps=4
n_pending_completions=0 n_pending_steps=4
n_pending_completions=0 n_pending_steps=4
n_pending_completions=0 n_pending_steps=4
n_pending_completions=0 n_pending_steps=4
n_pending_completions=0 n_pending_steps=4
n_pending_completions=0 n_pending_steps=4
n_pending_completions=0 n_pending_steps=4
n_pending_completions=0 n_pending_steps=4
n_pending_completions=0 n_pending_steps=4
n_pending_completions=0 n_pending_steps=4
n_pending_completions=0 n_pending_steps=4
n_pending_completions=0 n_pending_steps=4
Traceback (most recent call last):
  File "/Users/user/.local/share/uv/python/cpython-3.13.7-macos-aarch64-none/lib/python3.13/asyncio/runners.py", line 118, in run
    return self._loop.run_until_complete(task)
           ~~~~~~~~~~~~~~~~~~~~~~~~~~~~~^^^^^^
  File "/Users/user/.local/share/uv/python/cpython-3.13.7-macos-aarch64-none/lib/python3.13/asyncio/base_events.py", line 725, in run_until_complete
    return future.result()
           ~~~~~~~~~~~~~^^
  File "/Users/user/reward-hacking/tinker-cookbook-reward-hacking/tinker_cookbook/rl/envs/inspect/bash_codeforces.py", line 412, in main
    cli_utils.check_log_dir(config.log_path, behavior_if_exists="resume")
    ^^^^^^^^^^^^^^^^^^^^^^^^
  File "/Users/user/reward-hacking/tinker-cookbook-reward-hacking/tinker_cookbook/utils/trace.py", line 332, in async_wrapper
    return await func(*args, **kwargs)
           ^^^^^^^^^^^^^^^^^^^^^^^^^^^
  File "/Users/user/reward-hacking/tinker-cookbook-reward-hacking/tinker_cookbook/rl/train.py", line 1015, in main
    await training_func(
    ...<10 lines>...
    )
  File "/Users/user/reward-hacking/tinker-cookbook-reward-hacking/tinker_cookbook/utils/trace.py", line 332, in async_wrapper
    return await func(*args, **kwargs)
           ^^^^^^^^^^^^^^^^^^^^^^^^^^^
  File "/Users/user/reward-hacking/tinker-cookbook-reward-hacking/tinker_cookbook/rl/train.py", line 914, in do_sync_training
    trajectory_groups_P = await asyncio.gather(
                          ^^^^^^^^^^^^^^^^^^^^^
    ...<12 lines>...
    )
    ^
  File "/Users/user/reward-hacking/tinker-cookbook-reward-hacking/tinker_cookbook/utils/trace.py", line 332, in async_wrapper
    return await func(*args, **kwargs)
           ^^^^^^^^^^^^^^^^^^^^^^^^^^^
  File "/Users/user/reward-hacking/tinker-cookbook-reward-hacking/tinker_cookbook/rl/train.py", line 595, in do_group_rollout_and_filter_constant_reward
    trajectory_group = await do_group_rollout(env_group_builder, policy)
                       ^^^^^^^^^^^^^^^^^^^^^^^^^^^^^^^^^^^^^^^^^^^^^^^^^
  File "/Users/user/reward-hacking/tinker-cookbook-reward-hacking/tinker_cookbook/utils/logtree.py", line 537, in aw
    return await fn(*args, **kwargs)
           ^^^^^^^^^^^^^^^^^^^^^^^^^
  File "/Users/user/reward-hacking/tinker-cookbook-reward-hacking/tinker_cookbook/rl/rollouts.py", line 42, in do_group_rollout
    trajectories_G = await asyncio.gather(*[do_single_rollout(policy, env) for env in envs_G])
                     ^^^^^^^^^^^^^^^^^^^^^^^^^^^^^^^^^^^^^^^^^^^^^^^^^^^^^^^^^^^^^^^^^^^^^^^^^
  File "/Users/user/reward-hacking/tinker-cookbook-reward-hacking/tinker_cookbook/utils/logtree.py", line 537, in aw
    return await fn(*args, **kwargs)
           ^^^^^^^^^^^^^^^^^^^^^^^^^
  File "/Users/user/reward-hacking/tinker-cookbook-reward-hacking/tinker_cookbook/rl/rollouts.py", line 21, in do_single_rollout
    step_result = await env.step(ac_with_logprobs.tokens)
                  ^^^^^^^^^^^^^^^^^^^^^^^^^^^^^^^^^^^^^^^
  File "/Users/user/reward-hacking/tinker-cookbook-reward-hacking/tinker_cookbook/rl/envs/inspect.py", line 354, in step
    next_observation=ModelInput.empty(),
    ^^^^^^^^^^^^^^^^^^^^^^^^^^^^^^^^^^^^
    next_stop_condition=self.renderer.get_stop_sequences(),
    ^^^^^^^^^^^^^^^^^^^^^^^^^^^^^^^^^^^^^^^^^^^^^^^^^^^^^^^
    metrics=metric,

  File "/Users/user/reward-hacking/tinker-cookbook-reward-hacking/tinker_cookbook/rl/envs/inspect.py", line 217, in next_prompt_or_final_step_result
    renderer: renderers.Renderer
               ^^^^^^^^^^^^^^^^^
  File "/Users/user/.local/share/uv/python/cpython-3.13.7-macos-aarch64-none/lib/python3.13/asyncio/queues.py", line 186, in get
    await getter
asyncio.exceptions.CancelledError

During handling of the above exception, another exception occurred:

Traceback (most recent call last):
  File "/Users/user/reward-hacking/tinker-cookbook-reward-hacking/tinker_cookbook/rl/envs/inspect/bash_codeforces.py", line 416, in <module>
    if __name__ == "__main__":
        ^^^^^^^^^^^^^^^^^^^
  File "/Users/user/.local/share/uv/python/cpython-3.13.7-macos-aarch64-none/lib/python3.13/asyncio/runners.py", line 195, in run
    return runner.run(main)
           ~~~~~~~~~~^^^^^^
  File "/Users/user/.local/share/uv/python/cpython-3.13.7-macos-aarch64-none/lib/python3.13/asyncio/runners.py", line 123, in run
    raise KeyboardInterrupt()
KeyboardInterrupt
